TpTrace Verbose: 0 : 72680, 1, 2024/11/05, 13:47:30.507, 16265803553674, vstest.console.dll, Version: 17.9.0-release-24072-02 Current process architecture: X64
TpTrace Verbose: 0 : 72680, 1, 2024/11/05, 13:47:30.509, 16265803576430, vstest.console.dll, Runtime location: C:\Program Files\dotnet\shared\Microsoft.NETCore.App\8.0.6
TpTrace Verbose: 0 : 72680, 1, 2024/11/05, 13:47:30.512, 16265803605569, vstest.console.dll, ArtifactProcessingPostProcessModeProcessorExecutor.Initialize: ArtifactProcessingMode.Collect
TpTrace Verbose: 0 : 72680, 1, 2024/11/05, 13:47:30.512, 16265803606911, vstest.console.dll, TestSessionCorrelationIdProcessorModeProcessorExecutor.Initialize: TestSessionCorrelationId '74576_796b9a52-a36a-44b6-b315-55fea474d6b6'
TpTrace Information: 0 : 72680, 1, 2024/11/05, 13:47:30.518, 16265803660962, vstest.console.dll, FilePatternParser: The given file C:\Users\gurdi\source\repos\Back-end.NET_API_REST\P7CreateRestApi.Tests\bin\Debug\net6.0\fine-code-coverage\build-output\P7CreateRestApi.Tests.dll is a full path.
TpTrace Verbose: 0 : 72680, 1, 2024/11/05, 13:47:30.522, 16265803702977, vstest.console.dll, TestPluginCache.DiscoverTestExtensions: finding test extensions in assemblies ends with: RuntimeProvider.dll TPluginInfo: Microsoft.VisualStudio.TestPlatform.Common.ExtensionFramework.Utilities.TestRuntimePluginInformation TExtension: Microsoft.VisualStudio.TestPlatform.ObjectModel.Host.ITestRuntimeProvider
TpTrace Verbose: 0 : 72680, 1, 2024/11/05, 13:47:30.523, 16265803715912, vstest.console.dll, TestPluginCache.GetExtensionPaths: Filtered extension paths: 
TpTrace Verbose: 0 : 72680, 1, 2024/11/05, 13:47:30.523, 16265803716800, vstest.console.dll, TestPluginCache.GetExtensionPaths: Added default extension paths: C:\Program Files\dotnet\sdk\8.0.206\Extensions\Microsoft.Diagnostics.NETCore.Client.dll
C:\Program Files\dotnet\sdk\8.0.206\Extensions\Microsoft.TestPlatform.Extensions.BlameDataCollector.dll
C:\Program Files\dotnet\sdk\8.0.206\Extensions\Microsoft.TestPlatform.Extensions.EventLogCollector.dll
C:\Program Files\dotnet\sdk\8.0.206\Extensions\Microsoft.TestPlatform.TestHostRuntimeProvider.dll
C:\Program Files\dotnet\sdk\8.0.206\Extensions\Microsoft.VisualStudio.TestPlatform.Extensions.Html.TestLogger.dll
C:\Program Files\dotnet\sdk\8.0.206\Extensions\Microsoft.VisualStudio.TestPlatform.Extensions.Trx.TestLogger.dll
TpTrace Verbose: 0 : 72680, 1, 2024/11/05, 13:47:30.523, 16265803717013, vstest.console.dll, TestPluginCache.GetExtensionPaths: Added unfilterableExtensionPaths: 
TpTrace Information: 0 : 72680, 1, 2024/11/05, 13:47:30.524, 16265803720751, vstest.console.dll, AssemblyResolver.ctor: Creating AssemblyResolver with searchDirectories C:\Program Files\dotnet\sdk\8.0.206\Extensions,C:\Program Files\dotnet\sdk\8.0.206
TpTrace Verbose: 0 : 72680, 1, 2024/11/05, 13:47:30.524, 16265803726800, vstest.console.dll, TestPluginCache.DiscoverTestExtensions: Discovering the extensions using extension path.
TpTrace Verbose: 0 : 72680, 1, 2024/11/05, 13:47:30.524, 16265803727629, vstest.console.dll, TestPluginCache.GetExtensionPaths: Filtered extension paths: 
TpTrace Verbose: 0 : 72680, 1, 2024/11/05, 13:47:30.524, 16265803727857, vstest.console.dll, TestPluginCache.GetExtensionPaths: Added default extension paths: C:\Program Files\dotnet\sdk\8.0.206\Extensions\Microsoft.Diagnostics.NETCore.Client.dll
C:\Program Files\dotnet\sdk\8.0.206\Extensions\Microsoft.TestPlatform.Extensions.BlameDataCollector.dll
C:\Program Files\dotnet\sdk\8.0.206\Extensions\Microsoft.TestPlatform.Extensions.EventLogCollector.dll
C:\Program Files\dotnet\sdk\8.0.206\Extensions\Microsoft.TestPlatform.TestHostRuntimeProvider.dll
C:\Program Files\dotnet\sdk\8.0.206\Extensions\Microsoft.VisualStudio.TestPlatform.Extensions.Html.TestLogger.dll
C:\Program Files\dotnet\sdk\8.0.206\Extensions\Microsoft.VisualStudio.TestPlatform.Extensions.Trx.TestLogger.dll
TpTrace Verbose: 0 : 72680, 1, 2024/11/05, 13:47:30.524, 16265803727988, vstest.console.dll, TestPluginCache.GetExtensionPaths: Added unfilterableExtensionPaths: 
TpTrace Verbose: 0 : 72680, 1, 2024/11/05, 13:47:30.525, 16265803728308, vstest.console.dll, TestPluginCache.DiscoverTestExtensions: Discovering the extensions using allExtensionPaths: C:\Program Files\dotnet\sdk\8.0.206\Extensions\Microsoft.Diagnostics.NETCore.Client.dll
C:\Program Files\dotnet\sdk\8.0.206\Extensions\Microsoft.TestPlatform.Extensions.BlameDataCollector.dll
C:\Program Files\dotnet\sdk\8.0.206\Extensions\Microsoft.TestPlatform.Extensions.EventLogCollector.dll
C:\Program Files\dotnet\sdk\8.0.206\Extensions\Microsoft.TestPlatform.TestHostRuntimeProvider.dll
C:\Program Files\dotnet\sdk\8.0.206\Extensions\Microsoft.VisualStudio.TestPlatform.Extensions.Html.TestLogger.dll
C:\Program Files\dotnet\sdk\8.0.206\Extensions\Microsoft.VisualStudio.TestPlatform.Extensions.Trx.TestLogger.dll
TpTrace Information: 0 : 72680, 1, 2024/11/05, 13:47:30.525, 16265803729211, vstest.console.dll, AssemblyResolver.AddSearchDirectories: Adding more searchDirectories C:\Program Files\dotnet\sdk\8.0.206\Extensions,C:\Program Files\dotnet\sdk\8.0.206
TpTrace Information: 0 : 72680, 1, 2024/11/05, 13:47:30.525, 16265803729485, vstest.console.dll, AssemblyResolver.AddSearchDirectories: Adding more searchDirectories C:\Program Files\dotnet\sdk\8.0.206\Extensions,C:\Program Files\dotnet\sdk\8.0.206
TpTrace Information: 0 : 72680, 1, 2024/11/05, 13:47:30.525, 16265803729614, vstest.console.dll, AssemblyResolver.AddSearchDirectories: Adding more searchDirectories C:\Program Files\dotnet\sdk\8.0.206\Extensions,C:\Program Files\dotnet\sdk\8.0.206
TpTrace Information: 0 : 72680, 1, 2024/11/05, 13:47:30.525, 16265803729733, vstest.console.dll, AssemblyResolver.AddSearchDirectories: Adding more searchDirectories C:\Program Files\dotnet\sdk\8.0.206\Extensions,C:\Program Files\dotnet\sdk\8.0.206
TpTrace Information: 0 : 72680, 1, 2024/11/05, 13:47:30.525, 16265803729895, vstest.console.dll, AssemblyResolver.AddSearchDirectories: Adding more searchDirectories C:\Program Files\dotnet\sdk\8.0.206\Extensions,C:\Program Files\dotnet\sdk\8.0.206
TpTrace Information: 0 : 72680, 1, 2024/11/05, 13:47:30.525, 16265803730013, vstest.console.dll, AssemblyResolver.AddSearchDirectories: Adding more searchDirectories C:\Program Files\dotnet\sdk\8.0.206\Extensions,C:\Program Files\dotnet\sdk\8.0.206
TpTrace Information: 0 : 72680, 1, 2024/11/05, 13:47:30.525, 16265803732012, vstest.console.dll, AssemblyResolver.OnResolve: Microsoft.Diagnostics.NETCore.Client: Resolving assembly.
TpTrace Information: 0 : 72680, 1, 2024/11/05, 13:47:30.525, 16265803732503, vstest.console.dll, AssemblyResolver.OnResolve: Microsoft.Diagnostics.NETCore.Client: Searching in: 'C:\Program Files\dotnet\sdk\8.0.206\Extensions'.
TpTrace Information: 0 : 72680, 1, 2024/11/05, 13:47:30.531, 16265803793001, vstest.console.dll, AssemblyResolver.OnResolve: Microsoft.Diagnostics.NETCore.Client: Loading assembly 'C:\Program Files\dotnet\sdk\8.0.206\Extensions\Microsoft.Diagnostics.NETCore.Client.dll'.
TpTrace Information: 0 : 72680, 1, 2024/11/05, 13:47:30.532, 16265803800672, vstest.console.dll, AssemblyResolver.OnResolve: Resolved assembly: Microsoft.Diagnostics.NETCore.Client, from path: C:\Program Files\dotnet\sdk\8.0.206\Extensions\Microsoft.Diagnostics.NETCore.Client.dll
TpTrace Verbose: 0 : 72680, 1, 2024/11/05, 13:47:30.535, 16265803829182, vstest.console.dll, MetadataReaderExtensionsHelper: Discovering extensions inside assembly 'Microsoft.Diagnostics.NETCore.Client, Version=0.2.9.2401, Culture=neutral, PublicKeyToken=31bf3856ad364e35' file path 'C:\Program Files\dotnet\sdk\8.0.206\Extensions\Microsoft.Diagnostics.NETCore.Client.dll'
TpTrace Information: 0 : 72680, 1, 2024/11/05, 13:47:30.537, 16265803858168, vstest.console.dll, AssemblyResolver.OnResolve: Microsoft.Bcl.AsyncInterfaces: Resolving assembly.
TpTrace Information: 0 : 72680, 1, 2024/11/05, 13:47:30.538, 16265803858919, vstest.console.dll, AssemblyResolver.OnResolve: Microsoft.Bcl.AsyncInterfaces: Searching in: 'C:\Program Files\dotnet\sdk\8.0.206\Extensions'.
TpTrace Information: 0 : 72680, 1, 2024/11/05, 13:47:30.538, 16265803859456, vstest.console.dll, AssemblyResolver.OnResolve: Microsoft.Bcl.AsyncInterfaces: Assembly path does not exist: 'C:\Program Files\dotnet\sdk\8.0.206\Extensions\Microsoft.Bcl.AsyncInterfaces.dll', returning.
TpTrace Information: 0 : 72680, 1, 2024/11/05, 13:47:30.538, 16265803860194, vstest.console.dll, AssemblyResolver.OnResolve: Microsoft.Bcl.AsyncInterfaces: Assembly path does not exist: 'C:\Program Files\dotnet\sdk\8.0.206\Extensions\Microsoft.Bcl.AsyncInterfaces.exe', returning.
TpTrace Information: 0 : 72680, 1, 2024/11/05, 13:47:30.538, 16265803860340, vstest.console.dll, AssemblyResolver.OnResolve: Microsoft.Bcl.AsyncInterfaces: Searching in: 'C:\Program Files\dotnet\sdk\8.0.206'.
TpTrace Information: 0 : 72680, 1, 2024/11/05, 13:47:30.538, 16265803860647, vstest.console.dll, AssemblyResolver.OnResolve: Microsoft.Bcl.AsyncInterfaces: Assembly path does not exist: 'C:\Program Files\dotnet\sdk\8.0.206\Microsoft.Bcl.AsyncInterfaces.dll', returning.
TpTrace Information: 0 : 72680, 1, 2024/11/05, 13:47:30.538, 16265803860876, vstest.console.dll, AssemblyResolver.OnResolve: Microsoft.Bcl.AsyncInterfaces: Assembly path does not exist: 'C:\Program Files\dotnet\sdk\8.0.206\Microsoft.Bcl.AsyncInterfaces.exe', returning.
TpTrace Information: 0 : 72680, 1, 2024/11/05, 13:47:30.538, 16265803861058, vstest.console.dll, AssemblyResolver.OnResolve: Microsoft.Bcl.AsyncInterfaces: Failed to load assembly.
TpTrace Verbose: 0 : 72680, 1, 2024/11/05, 13:47:30.538, 16265803861241, vstest.console.dll, CurrentDomainAssemblyResolve: Resolving assembly 'Microsoft.Bcl.AsyncInterfaces'.
TpTrace Information: 0 : 72680, 1, 2024/11/05, 13:47:30.538, 16265803861563, vstest.console.dll, AssemblyResolver.OnResolve: Microsoft.Bcl.AsyncInterfaces: Resolving assembly.
TpTrace Information: 0 : 72680, 1, 2024/11/05, 13:47:30.538, 16265803861738, vstest.console.dll, AssemblyResolver.OnResolve: Microsoft.Bcl.AsyncInterfaces: Resolved from cache.
TpTrace Verbose: 0 : 72680, 1, 2024/11/05, 13:47:30.538, 16265803861857, vstest.console.dll, CurrentDomainAssemblyResolve: Resolving assembly 'Microsoft.Bcl.AsyncInterfaces'.
TpTrace Verbose: 0 : 72680, 1, 2024/11/05, 13:47:30.538, 16265803862018, vstest.console.dll, CurrentDomainAssemblyResolve: Failed to resolve assembly 'Microsoft.Bcl.AsyncInterfaces'.
TpTrace Verbose: 0 : 72680, 1, 2024/11/05, 13:47:30.538, 16265803865924, vstest.console.dll, CurrentDomainAssemblyResolve: Failed to resolve assembly 'Microsoft.Bcl.AsyncInterfaces'.
TpTrace Warning: 0 : 72680, 1, 2024/11/05, 13:47:30.545, 16265803937780, vstest.console.dll, TestPluginDiscoverer: Failed to get types from assembly 'Microsoft.Diagnostics.NETCore.Client, Version=0.2.9.2401, Culture=neutral, PublicKeyToken=31bf3856ad364e35'. Error: System.Reflection.ReflectionTypeLoadException: Unable to load one or more of the requested types.
Could not load file or assembly 'Microsoft.Bcl.AsyncInterfaces, Version=6.0.0.0, Culture=neutral, PublicKeyToken=cc7b13ffcd2ddd51'. Le fichier spécifié est introuvable.
   at System.Reflection.RuntimeModule.GetTypes(RuntimeModule module)
   at System.Reflection.RuntimeModule.GetTypes()
   at Microsoft.VisualStudio.TestPlatform.Common.ExtensionFramework.TestPluginDiscoverer.GetTestExtensionsFromAssembly[TPluginInfo,TExtension](Assembly assembly, Dictionary`2 pluginInfos, String filePath) in /_/src/Microsoft.TestPlatform.Common/ExtensionFramework/TestPluginDiscoverer.cs:line 158
System.IO.FileNotFoundException: Could not load file or assembly 'Microsoft.Bcl.AsyncInterfaces, Version=6.0.0.0, Culture=neutral, PublicKeyToken=cc7b13ffcd2ddd51'. Le fichier spécifié est introuvable.
File name: 'Microsoft.Bcl.AsyncInterfaces, Version=6.0.0.0, Culture=neutral, PublicKeyToken=cc7b13ffcd2ddd51'
 ---> System.IO.FileNotFoundException: Could not load file or assembly 'Microsoft.Bcl.AsyncInterfaces, Culture=neutral, PublicKeyToken=null'. Le fichier spécifié est introuvable.
File name: 'Microsoft.Bcl.AsyncInterfaces, Culture=neutral, PublicKeyToken=null'
   at System.Reflection.RuntimeAssembly.InternalLoad(AssemblyName assemblyName, StackCrawlMark& stackMark, AssemblyLoadContext assemblyLoadContext, RuntimeAssembly requestingAssembly, Boolean throwOnFileNotFound)
   at System.Reflection.Assembly.Load(AssemblyName assemblyRef)
   at Microsoft.VisualStudio.TestPlatform.Common.ExtensionFramework.TestPluginCache.CurrentDomainAssemblyResolve(Object sender, AssemblyResolveEventArgs args) in /_/src/Microsoft.TestPlatform.Common/ExtensionFramework/TestPluginCache.cs:line 513
   at System.Runtime.Loader.AssemblyLoadContext.GetFirstResolvedAssemblyFromResolvingEvent(AssemblyName assemblyName)
   at System.Runtime.Loader.AssemblyLoadContext.ResolveUsingEvent(AssemblyName assemblyName)
   at System.Runtime.Loader.AssemblyLoadContext.ResolveUsingResolvingEvent(IntPtr gchManagedAssemblyLoadContext, AssemblyName assemblyName)
TpTrace Warning: 0 : 72680, 1, 2024/11/05, 13:47:30.546, 16265803940409, vstest.console.dll, LoaderExceptions: System.IO.FileNotFoundException: Could not load file or assembly 'Microsoft.Bcl.AsyncInterfaces, Version=6.0.0.0, Culture=neutral, PublicKeyToken=cc7b13ffcd2ddd51'. Le fichier spécifié est introuvable.
File name: 'Microsoft.Bcl.AsyncInterfaces, Version=6.0.0.0, Culture=neutral, PublicKeyToken=cc7b13ffcd2ddd51'
 ---> System.IO.FileNotFoundException: Could not load file or assembly 'Microsoft.Bcl.AsyncInterfaces, Culture=neutral, PublicKeyToken=null'. Le fichier spécifié est introuvable.
File name: 'Microsoft.Bcl.AsyncInterfaces, Culture=neutral, PublicKeyToken=null'
   at System.Reflection.RuntimeAssembly.InternalLoad(AssemblyName assemblyName, StackCrawlMark& stackMark, AssemblyLoadContext assemblyLoadContext, RuntimeAssembly requestingAssembly, Boolean throwOnFileNotFound)
   at System.Reflection.Assembly.Load(AssemblyName assemblyRef)
   at Microsoft.VisualStudio.TestPlatform.Common.ExtensionFramework.TestPluginCache.CurrentDomainAssemblyResolve(Object sender, AssemblyResolveEventArgs args) in /_/src/Microsoft.TestPlatform.Common/ExtensionFramework/TestPluginCache.cs:line 513
   at System.Runtime.Loader.AssemblyLoadContext.GetFirstResolvedAssemblyFromResolvingEvent(AssemblyName assemblyName)
   at System.Runtime.Loader.AssemblyLoadContext.ResolveUsingEvent(AssemblyName assemblyName)
   at System.Runtime.Loader.AssemblyLoadContext.ResolveUsingResolvingEvent(IntPtr gchManagedAssemblyLoadContext, AssemblyName assemblyName)
TpTrace Information: 0 : 72680, 1, 2024/11/05, 13:47:30.546, 16265803941813, vstest.console.dll, AssemblyResolver.OnResolve: Microsoft.TestPlatform.Extensions.BlameDataCollector: Resolving assembly.
TpTrace Information: 0 : 72680, 1, 2024/11/05, 13:47:30.546, 16265803942163, vstest.console.dll, AssemblyResolver.OnResolve: Microsoft.TestPlatform.Extensions.BlameDataCollector: Searching in: 'C:\Program Files\dotnet\sdk\8.0.206\Extensions'.
TpTrace Information: 0 : 72680, 1, 2024/11/05, 13:47:30.547, 16265803949571, vstest.console.dll, AssemblyResolver.OnResolve: Microsoft.TestPlatform.Extensions.BlameDataCollector: Loading assembly 'C:\Program Files\dotnet\sdk\8.0.206\Extensions\Microsoft.TestPlatform.Extensions.BlameDataCollector.dll'.
TpTrace Information: 0 : 72680, 1, 2024/11/05, 13:47:30.547, 16265803955881, vstest.console.dll, AssemblyResolver.OnResolve: Resolved assembly: Microsoft.TestPlatform.Extensions.BlameDataCollector, from path: C:\Program Files\dotnet\sdk\8.0.206\Extensions\Microsoft.TestPlatform.Extensions.BlameDataCollector.dll
TpTrace Verbose: 0 : 72680, 1, 2024/11/05, 13:47:30.547, 16265803957672, vstest.console.dll, MetadataReaderExtensionsHelper: Discovering extensions inside assembly 'Microsoft.TestPlatform.Extensions.BlameDataCollector, Version=15.0.0.0, Culture=neutral, PublicKeyToken=b03f5f7f11d50a3a' file path 'C:\Program Files\dotnet\sdk\8.0.206\Extensions\Microsoft.TestPlatform.Extensions.BlameDataCollector.dll'
TpTrace Information: 0 : 72680, 1, 2024/11/05, 13:47:30.549, 16265803973480, vstest.console.dll, AssemblyResolver.OnResolve: Microsoft.TestPlatform.Extensions.EventLogCollector: Resolving assembly.
TpTrace Information: 0 : 72680, 1, 2024/11/05, 13:47:30.549, 16265803974288, vstest.console.dll, AssemblyResolver.OnResolve: Microsoft.TestPlatform.Extensions.EventLogCollector: Searching in: 'C:\Program Files\dotnet\sdk\8.0.206\Extensions'.
TpTrace Information: 0 : 72680, 1, 2024/11/05, 13:47:30.550, 16265803980948, vstest.console.dll, AssemblyResolver.OnResolve: Microsoft.TestPlatform.Extensions.EventLogCollector: Loading assembly 'C:\Program Files\dotnet\sdk\8.0.206\Extensions\Microsoft.TestPlatform.Extensions.EventLogCollector.dll'.
TpTrace Information: 0 : 72680, 1, 2024/11/05, 13:47:30.550, 16265803987359, vstest.console.dll, AssemblyResolver.OnResolve: Resolved assembly: Microsoft.TestPlatform.Extensions.EventLogCollector, from path: C:\Program Files\dotnet\sdk\8.0.206\Extensions\Microsoft.TestPlatform.Extensions.EventLogCollector.dll
TpTrace Verbose: 0 : 72680, 1, 2024/11/05, 13:47:30.550, 16265803988014, vstest.console.dll, MetadataReaderExtensionsHelper: Discovering extensions inside assembly 'Microsoft.TestPlatform.Extensions.EventLogCollector, Version=15.0.0.0, Culture=neutral, PublicKeyToken=b03f5f7f11d50a3a' file path 'C:\Program Files\dotnet\sdk\8.0.206\Extensions\Microsoft.TestPlatform.Extensions.EventLogCollector.dll'
TpTrace Information: 0 : 72680, 1, 2024/11/05, 13:47:30.552, 16265804003621, vstest.console.dll, AssemblyResolver.OnResolve: Microsoft.TestPlatform.TestHostRuntimeProvider: Resolving assembly.
TpTrace Information: 0 : 72680, 1, 2024/11/05, 13:47:30.552, 16265804004257, vstest.console.dll, AssemblyResolver.OnResolve: Microsoft.TestPlatform.TestHostRuntimeProvider: Searching in: 'C:\Program Files\dotnet\sdk\8.0.206\Extensions'.
TpTrace Information: 0 : 72680, 1, 2024/11/05, 13:47:30.553, 16265804008510, vstest.console.dll, AssemblyResolver.OnResolve: Microsoft.TestPlatform.TestHostRuntimeProvider: Loading assembly 'C:\Program Files\dotnet\sdk\8.0.206\Extensions\Microsoft.TestPlatform.TestHostRuntimeProvider.dll'.
TpTrace Information: 0 : 72680, 1, 2024/11/05, 13:47:30.553, 16265804013295, vstest.console.dll, AssemblyResolver.OnResolve: Resolved assembly: Microsoft.TestPlatform.TestHostRuntimeProvider, from path: C:\Program Files\dotnet\sdk\8.0.206\Extensions\Microsoft.TestPlatform.TestHostRuntimeProvider.dll
TpTrace Verbose: 0 : 72680, 1, 2024/11/05, 13:47:30.553, 16265804013755, vstest.console.dll, MetadataReaderExtensionsHelper: Discovering extensions inside assembly 'Microsoft.TestPlatform.TestHostRuntimeProvider, Version=15.0.0.0, Culture=neutral, PublicKeyToken=b03f5f7f11d50a3a' file path 'C:\Program Files\dotnet\sdk\8.0.206\Extensions\Microsoft.TestPlatform.TestHostRuntimeProvider.dll'
TpTrace Information: 0 : 72680, 1, 2024/11/05, 13:47:30.554, 16265804025111, vstest.console.dll, GetTestExtensionFromType: Register extension with identifier data 'HostProvider://DefaultTestHost' and type 'Microsoft.VisualStudio.TestPlatform.CrossPlatEngine.Hosting.DefaultTestHostManager, Microsoft.TestPlatform.TestHostRuntimeProvider, Version=15.0.0.0, Culture=neutral, PublicKeyToken=b03f5f7f11d50a3a' inside file 'C:\Program Files\dotnet\sdk\8.0.206\Extensions\Microsoft.TestPlatform.TestHostRuntimeProvider.dll'
TpTrace Information: 0 : 72680, 1, 2024/11/05, 13:47:30.554, 16265804026874, vstest.console.dll, GetTestExtensionFromType: Register extension with identifier data 'HostProvider://DotnetTestHost' and type 'Microsoft.VisualStudio.TestPlatform.CrossPlatEngine.Hosting.DotnetTestHostManager, Microsoft.TestPlatform.TestHostRuntimeProvider, Version=15.0.0.0, Culture=neutral, PublicKeyToken=b03f5f7f11d50a3a' inside file 'C:\Program Files\dotnet\sdk\8.0.206\Extensions\Microsoft.TestPlatform.TestHostRuntimeProvider.dll'
TpTrace Information: 0 : 72680, 1, 2024/11/05, 13:47:30.554, 16265804027425, vstest.console.dll, AssemblyResolver.OnResolve: Microsoft.VisualStudio.TestPlatform.Extensions.Html.TestLogger: Resolving assembly.
TpTrace Information: 0 : 72680, 1, 2024/11/05, 13:47:30.554, 16265804027697, vstest.console.dll, AssemblyResolver.OnResolve: Microsoft.VisualStudio.TestPlatform.Extensions.Html.TestLogger: Searching in: 'C:\Program Files\dotnet\sdk\8.0.206\Extensions'.
TpTrace Information: 0 : 72680, 1, 2024/11/05, 13:47:30.555, 16265804032559, vstest.console.dll, AssemblyResolver.OnResolve: Microsoft.VisualStudio.TestPlatform.Extensions.Html.TestLogger: Loading assembly 'C:\Program Files\dotnet\sdk\8.0.206\Extensions\Microsoft.VisualStudio.TestPlatform.Extensions.Html.TestLogger.dll'.
TpTrace Information: 0 : 72680, 1, 2024/11/05, 13:47:30.555, 16265804037614, vstest.console.dll, AssemblyResolver.OnResolve: Resolved assembly: Microsoft.VisualStudio.TestPlatform.Extensions.Html.TestLogger, from path: C:\Program Files\dotnet\sdk\8.0.206\Extensions\Microsoft.VisualStudio.TestPlatform.Extensions.Html.TestLogger.dll
TpTrace Verbose: 0 : 72680, 1, 2024/11/05, 13:47:30.555, 16265804038133, vstest.console.dll, MetadataReaderExtensionsHelper: Discovering extensions inside assembly 'Microsoft.VisualStudio.TestPlatform.Extensions.Html.TestLogger, Version=15.0.0.0, Culture=neutral, PublicKeyToken=b03f5f7f11d50a3a' file path 'C:\Program Files\dotnet\sdk\8.0.206\Extensions\Microsoft.VisualStudio.TestPlatform.Extensions.Html.TestLogger.dll'
TpTrace Information: 0 : 72680, 1, 2024/11/05, 13:47:30.558, 16265804064523, vstest.console.dll, AssemblyResolver.OnResolve: Microsoft.VisualStudio.TestPlatform.Extensions.Trx.TestLogger: Resolving assembly.
TpTrace Information: 0 : 72680, 1, 2024/11/05, 13:47:30.558, 16265804065035, vstest.console.dll, AssemblyResolver.OnResolve: Microsoft.VisualStudio.TestPlatform.Extensions.Trx.TestLogger: Searching in: 'C:\Program Files\dotnet\sdk\8.0.206\Extensions'.
TpTrace Information: 0 : 72680, 1, 2024/11/05, 13:47:30.559, 16265804068279, vstest.console.dll, AssemblyResolver.OnResolve: Microsoft.VisualStudio.TestPlatform.Extensions.Trx.TestLogger: Loading assembly 'C:\Program Files\dotnet\sdk\8.0.206\Extensions\Microsoft.VisualStudio.TestPlatform.Extensions.Trx.TestLogger.dll'.
TpTrace Information: 0 : 72680, 1, 2024/11/05, 13:47:30.560, 16265804085329, vstest.console.dll, AssemblyResolver.OnResolve: Resolved assembly: Microsoft.VisualStudio.TestPlatform.Extensions.Trx.TestLogger, from path: C:\Program Files\dotnet\sdk\8.0.206\Extensions\Microsoft.VisualStudio.TestPlatform.Extensions.Trx.TestLogger.dll
TpTrace Verbose: 0 : 72680, 1, 2024/11/05, 13:47:30.560, 16265804086223, vstest.console.dll, MetadataReaderExtensionsHelper: Discovering extensions inside assembly 'Microsoft.VisualStudio.TestPlatform.Extensions.Trx.TestLogger, Version=15.0.0.0, Culture=neutral, PublicKeyToken=b03f5f7f11d50a3a' file path 'C:\Program Files\dotnet\sdk\8.0.206\Extensions\Microsoft.VisualStudio.TestPlatform.Extensions.Trx.TestLogger.dll'
TpTrace Verbose: 0 : 72680, 1, 2024/11/05, 13:47:30.561, 16265804097032, vstest.console.dll, TestPluginCache: Discovered the extensions using extension path ''.
TpTrace Verbose: 0 : 72680, 1, 2024/11/05, 13:47:30.561, 16265804097612, vstest.console.dll, TestPluginCache: Discoverers are ''.
TpTrace Verbose: 0 : 72680, 1, 2024/11/05, 13:47:30.561, 16265804097756, vstest.console.dll, TestPluginCache: Executors are ''.
TpTrace Verbose: 0 : 72680, 1, 2024/11/05, 13:47:30.561, 16265804097871, vstest.console.dll, TestPluginCache: Executors2 are ''.
TpTrace Verbose: 0 : 72680, 1, 2024/11/05, 13:47:30.561, 16265804097982, vstest.console.dll, TestPluginCache: Setting providers are ''.
TpTrace Verbose: 0 : 72680, 1, 2024/11/05, 13:47:30.561, 16265804098095, vstest.console.dll, TestPluginCache: Loggers are ''.
TpTrace Verbose: 0 : 72680, 1, 2024/11/05, 13:47:30.562, 16265804099257, vstest.console.dll, TestPluginCache: TestHosts are 'HostProvider://DefaultTestHost,HostProvider://DotnetTestHost'.
TpTrace Verbose: 0 : 72680, 1, 2024/11/05, 13:47:30.562, 16265804099466, vstest.console.dll, TestPluginCache: DataCollectors are ''.
TpTrace Information: 0 : 72680, 1, 2024/11/05, 13:47:30.571, 16265804191545, vstest.console.dll, RunTestsArgumentProcessor:Execute: Test run is starting.
TpTrace Verbose: 0 : 72680, 1, 2024/11/05, 13:47:30.571, 16265804192403, vstest.console.dll, RunTestsArgumentProcessor:Execute: Queuing Test run.
TpTrace Information: 0 : 72680, 1, 2024/11/05, 13:47:30.571, 16265804193875, vstest.console.dll, TestRequestManager.RunTests: run tests started.
TpTrace Information: 0 : 72680, 1, 2024/11/05, 13:47:30.572, 16265804206229, vstest.console.dll, AssemblyMetadataProvider.GetFrameworkName: Determined framework:'.NETCoreApp,Version=v6.0' for source: 'C:\Users\gurdi\source\repos\Back-end.NET_API_REST\P7CreateRestApi.Tests\bin\Debug\net6.0\fine-code-coverage\build-output\P7CreateRestApi.Tests.dll'
TpTrace Information: 0 : 72680, 1, 2024/11/05, 13:47:30.572, 16265804207425, vstest.console.dll, Determined framework for all sources: .NETCoreApp,Version=v6.0
TpTrace Verbose: 0 : 72680, 1, 2024/11/05, 13:47:30.573, 16265804210283, vstest.console.dll, TestRequestManager.UpdateRunSettingsIfRequired: Default architecture: X64 IsDefaultTargetArchitecture: True, Current process architecture: X64 OperatingSystem: Windows.
TpTrace Information: 0 : 72680, 1, 2024/11/05, 13:47:30.574, 16265804221421, vstest.console.dll, AssemblyMetadataProvider.GetArchitecture: Determined architecture:AnyCPU info for assembly: C:\Users\gurdi\source\repos\Back-end.NET_API_REST\P7CreateRestApi.Tests\bin\Debug\net6.0\fine-code-coverage\build-output\P7CreateRestApi.Tests.dll
TpTrace Information: 0 : 72680, 1, 2024/11/05, 13:47:30.574, 16265804221855, vstest.console.dll, Determined platform for source 'C:\Users\gurdi\source\repos\Back-end.NET_API_REST\P7CreateRestApi.Tests\bin\Debug\net6.0\fine-code-coverage\build-output\P7CreateRestApi.Tests.dll' was AnyCPU and it will use the default plaform X64.
TpTrace Information: 0 : 72680, 1, 2024/11/05, 13:47:30.574, 16265804221998, vstest.console.dll, None of the sources provided any runnable platform, using the default platform: X64
TpTrace Information: 0 : 72680, 1, 2024/11/05, 13:47:30.574, 16265804224123, vstest.console.dll, Platform was updated to 'X64'.
TpTrace Information: 0 : 72680, 1, 2024/11/05, 13:47:30.577, 16265804252680, vstest.console.dll, InferRunSettingsHelper.IsTestSettingsEnabled: Unable to navigate to RunSettings/MSTest. Current node: RunSettings
TpTrace Information: 0 : 72680, 1, 2024/11/05, 13:47:30.577, 16265804257641, vstest.console.dll, AssemblyResolver.OnResolve: Microsoft.VisualStudio.TestPlatform.Fakes: Resolving assembly.
TpTrace Information: 0 : 72680, 1, 2024/11/05, 13:47:30.578, 16265804258350, vstest.console.dll, AssemblyResolver.OnResolve: Microsoft.VisualStudio.TestPlatform.Fakes: Searching in: 'C:\Program Files\dotnet\sdk\8.0.206\Extensions'.
TpTrace Information: 0 : 72680, 1, 2024/11/05, 13:47:30.578, 16265804259262, vstest.console.dll, AssemblyResolver.OnResolve: Microsoft.VisualStudio.TestPlatform.Fakes: Assembly path does not exist: 'C:\Program Files\dotnet\sdk\8.0.206\Extensions\Microsoft.VisualStudio.TestPlatform.Fakes.dll', returning.
TpTrace Information: 0 : 72680, 1, 2024/11/05, 13:47:30.578, 16265804259646, vstest.console.dll, AssemblyResolver.OnResolve: Microsoft.VisualStudio.TestPlatform.Fakes: Assembly path does not exist: 'C:\Program Files\dotnet\sdk\8.0.206\Extensions\Microsoft.VisualStudio.TestPlatform.Fakes.exe', returning.
TpTrace Information: 0 : 72680, 1, 2024/11/05, 13:47:30.578, 16265804259782, vstest.console.dll, AssemblyResolver.OnResolve: Microsoft.VisualStudio.TestPlatform.Fakes: Searching in: 'C:\Program Files\dotnet\sdk\8.0.206'.
TpTrace Information: 0 : 72680, 1, 2024/11/05, 13:47:30.578, 16265804260151, vstest.console.dll, AssemblyResolver.OnResolve: Microsoft.VisualStudio.TestPlatform.Fakes: Assembly path does not exist: 'C:\Program Files\dotnet\sdk\8.0.206\Microsoft.VisualStudio.TestPlatform.Fakes.dll', returning.
TpTrace Information: 0 : 72680, 1, 2024/11/05, 13:47:30.578, 16265804260412, vstest.console.dll, AssemblyResolver.OnResolve: Microsoft.VisualStudio.TestPlatform.Fakes: Assembly path does not exist: 'C:\Program Files\dotnet\sdk\8.0.206\Microsoft.VisualStudio.TestPlatform.Fakes.exe', returning.
TpTrace Information: 0 : 72680, 1, 2024/11/05, 13:47:30.578, 16265804260572, vstest.console.dll, AssemblyResolver.OnResolve: Microsoft.VisualStudio.TestPlatform.Fakes: Failed to load assembly.
TpTrace Information: 0 : 72680, 1, 2024/11/05, 13:47:30.578, 16265804262449, vstest.console.dll, Failed to load assembly Microsoft.VisualStudio.TestPlatform.Fakes, Version=17.0.0.0, Culture=neutral. Reason:System.IO.FileNotFoundException: Could not load file or assembly 'Microsoft.VisualStudio.TestPlatform.Fakes, Version=17.0.0.0, Culture=neutral, PublicKeyToken=null'. Le fichier spécifié est introuvable.
File name: 'Microsoft.VisualStudio.TestPlatform.Fakes, Version=17.0.0.0, Culture=neutral, PublicKeyToken=null'
   at System.Reflection.RuntimeAssembly.InternalLoad(AssemblyName assemblyName, StackCrawlMark& stackMark, AssemblyLoadContext assemblyLoadContext, RuntimeAssembly requestingAssembly, Boolean throwOnFileNotFound)
   at System.Reflection.Assembly.Load(AssemblyName assemblyRef)
   at Microsoft.VisualStudio.TestPlatform.Common.Utilities.FakesUtilities.LoadTestPlatformAssembly() in /_/src/Microsoft.TestPlatform.Common/Utilities/FakesUtilities.cs:line 272
TpTrace Verbose: 0 : 72680, 1, 2024/11/05, 13:47:30.580, 16265804284560, vstest.console.dll, TestPluginCache.DiscoverTestExtensions: finding test extensions in assemblies ends with: TestLogger.dll TPluginInfo: Microsoft.VisualStudio.TestPlatform.Common.ExtensionFramework.Utilities.TestLoggerPluginInformation TExtension: Microsoft.VisualStudio.TestPlatform.ObjectModel.Client.ITestLogger
TpTrace Verbose: 0 : 72680, 1, 2024/11/05, 13:47:30.580, 16265804285380, vstest.console.dll, TestPluginCache.GetExtensionPaths: Filtered extension paths: 
TpTrace Verbose: 0 : 72680, 1, 2024/11/05, 13:47:30.580, 16265804285572, vstest.console.dll, TestPluginCache.GetExtensionPaths: Added default extension paths: C:\Program Files\dotnet\sdk\8.0.206\Extensions\Microsoft.Diagnostics.NETCore.Client.dll
C:\Program Files\dotnet\sdk\8.0.206\Extensions\Microsoft.TestPlatform.Extensions.BlameDataCollector.dll
C:\Program Files\dotnet\sdk\8.0.206\Extensions\Microsoft.TestPlatform.Extensions.EventLogCollector.dll
C:\Program Files\dotnet\sdk\8.0.206\Extensions\Microsoft.TestPlatform.TestHostRuntimeProvider.dll
C:\Program Files\dotnet\sdk\8.0.206\Extensions\Microsoft.VisualStudio.TestPlatform.Extensions.Html.TestLogger.dll
C:\Program Files\dotnet\sdk\8.0.206\Extensions\Microsoft.VisualStudio.TestPlatform.Extensions.Trx.TestLogger.dll
TpTrace Verbose: 0 : 72680, 1, 2024/11/05, 13:47:30.580, 16265804285720, vstest.console.dll, TestPluginCache.GetExtensionPaths: Added unfilterableExtensionPaths: 
TpTrace Information: 0 : 72680, 1, 2024/11/05, 13:47:30.580, 16265804286708, vstest.console.dll, AssemblyResolver.AddSearchDirectories: Adding more searchDirectories C:\Program Files\dotnet\sdk\8.0.206\Extensions,C:\Program Files\dotnet\sdk\8.0.206
TpTrace Verbose: 0 : 72680, 1, 2024/11/05, 13:47:30.580, 16265804286950, vstest.console.dll, TestPluginCache.DiscoverTestExtensions: Discovering the extensions using extension path.
TpTrace Verbose: 0 : 72680, 1, 2024/11/05, 13:47:30.580, 16265804287113, vstest.console.dll, TestPluginCache.GetExtensionPaths: Filtered extension paths: 
TpTrace Verbose: 0 : 72680, 1, 2024/11/05, 13:47:30.580, 16265804287267, vstest.console.dll, TestPluginCache.GetExtensionPaths: Added default extension paths: C:\Program Files\dotnet\sdk\8.0.206\Extensions\Microsoft.Diagnostics.NETCore.Client.dll
C:\Program Files\dotnet\sdk\8.0.206\Extensions\Microsoft.TestPlatform.Extensions.BlameDataCollector.dll
C:\Program Files\dotnet\sdk\8.0.206\Extensions\Microsoft.TestPlatform.Extensions.EventLogCollector.dll
C:\Program Files\dotnet\sdk\8.0.206\Extensions\Microsoft.TestPlatform.TestHostRuntimeProvider.dll
C:\Program Files\dotnet\sdk\8.0.206\Extensions\Microsoft.VisualStudio.TestPlatform.Extensions.Html.TestLogger.dll
C:\Program Files\dotnet\sdk\8.0.206\Extensions\Microsoft.VisualStudio.TestPlatform.Extensions.Trx.TestLogger.dll
TpTrace Verbose: 0 : 72680, 1, 2024/11/05, 13:47:30.580, 16265804287401, vstest.console.dll, TestPluginCache.GetExtensionPaths: Added unfilterableExtensionPaths: 
TpTrace Verbose: 0 : 72680, 1, 2024/11/05, 13:47:30.580, 16265804288013, vstest.console.dll, TestPluginCache.DiscoverTestExtensions: Discovering the extensions using allExtensionPaths: C:\Program Files\dotnet\sdk\8.0.206\Extensions\Microsoft.Diagnostics.NETCore.Client.dll
C:\Program Files\dotnet\sdk\8.0.206\Extensions\Microsoft.TestPlatform.Extensions.BlameDataCollector.dll
C:\Program Files\dotnet\sdk\8.0.206\Extensions\Microsoft.TestPlatform.Extensions.EventLogCollector.dll
C:\Program Files\dotnet\sdk\8.0.206\Extensions\Microsoft.TestPlatform.TestHostRuntimeProvider.dll
C:\Program Files\dotnet\sdk\8.0.206\Extensions\Microsoft.VisualStudio.TestPlatform.Extensions.Html.TestLogger.dll
C:\Program Files\dotnet\sdk\8.0.206\Extensions\Microsoft.VisualStudio.TestPlatform.Extensions.Trx.TestLogger.dll
TpTrace Information: 0 : 72680, 1, 2024/11/05, 13:47:30.581, 16265804288266, vstest.console.dll, AssemblyResolver.AddSearchDirectories: Adding more searchDirectories C:\Program Files\dotnet\sdk\8.0.206\Extensions,C:\Program Files\dotnet\sdk\8.0.206
TpTrace Information: 0 : 72680, 1, 2024/11/05, 13:47:30.581, 16265804288456, vstest.console.dll, AssemblyResolver.AddSearchDirectories: Adding more searchDirectories C:\Program Files\dotnet\sdk\8.0.206\Extensions,C:\Program Files\dotnet\sdk\8.0.206
TpTrace Information: 0 : 72680, 1, 2024/11/05, 13:47:30.581, 16265804288592, vstest.console.dll, AssemblyResolver.AddSearchDirectories: Adding more searchDirectories C:\Program Files\dotnet\sdk\8.0.206\Extensions,C:\Program Files\dotnet\sdk\8.0.206
TpTrace Information: 0 : 72680, 1, 2024/11/05, 13:47:30.581, 16265804288725, vstest.console.dll, AssemblyResolver.AddSearchDirectories: Adding more searchDirectories C:\Program Files\dotnet\sdk\8.0.206\Extensions,C:\Program Files\dotnet\sdk\8.0.206
TpTrace Information: 0 : 72680, 1, 2024/11/05, 13:47:30.581, 16265804288854, vstest.console.dll, AssemblyResolver.AddSearchDirectories: Adding more searchDirectories C:\Program Files\dotnet\sdk\8.0.206\Extensions,C:\Program Files\dotnet\sdk\8.0.206
TpTrace Information: 0 : 72680, 1, 2024/11/05, 13:47:30.581, 16265804289014, vstest.console.dll, AssemblyResolver.AddSearchDirectories: Adding more searchDirectories C:\Program Files\dotnet\sdk\8.0.206\Extensions,C:\Program Files\dotnet\sdk\8.0.206
TpTrace Verbose: 0 : 72680, 1, 2024/11/05, 13:47:30.581, 16265804289663, vstest.console.dll, MetadataReaderExtensionsHelper: Discovering extensions inside assembly 'Microsoft.Diagnostics.NETCore.Client, Version=0.2.9.2401, Culture=neutral, PublicKeyToken=31bf3856ad364e35' file path 'C:\Program Files\dotnet\sdk\8.0.206\Extensions\Microsoft.Diagnostics.NETCore.Client.dll'
TpTrace Information: 0 : 72680, 1, 2024/11/05, 13:47:30.581, 16265804297700, vstest.console.dll, AssemblyResolver.OnResolve: Microsoft.Bcl.AsyncInterfaces: Resolving assembly.
TpTrace Information: 0 : 72680, 1, 2024/11/05, 13:47:30.581, 16265804298140, vstest.console.dll, AssemblyResolver.OnResolve: Microsoft.Bcl.AsyncInterfaces: Resolved from cache.
TpTrace Verbose: 0 : 72680, 1, 2024/11/05, 13:47:30.582, 16265804298292, vstest.console.dll, CurrentDomainAssemblyResolve: Resolving assembly 'Microsoft.Bcl.AsyncInterfaces'.
TpTrace Information: 0 : 72680, 1, 2024/11/05, 13:47:30.582, 16265804298528, vstest.console.dll, AssemblyResolver.OnResolve: Microsoft.Bcl.AsyncInterfaces: Resolving assembly.
TpTrace Information: 0 : 72680, 1, 2024/11/05, 13:47:30.582, 16265804298675, vstest.console.dll, AssemblyResolver.OnResolve: Microsoft.Bcl.AsyncInterfaces: Resolved from cache.
TpTrace Verbose: 0 : 72680, 1, 2024/11/05, 13:47:30.582, 16265804298796, vstest.console.dll, CurrentDomainAssemblyResolve: Resolving assembly 'Microsoft.Bcl.AsyncInterfaces'.
TpTrace Verbose: 0 : 72680, 1, 2024/11/05, 13:47:30.582, 16265804298917, vstest.console.dll, CurrentDomainAssemblyResolve: Failed to resolve assembly 'Microsoft.Bcl.AsyncInterfaces'.
TpTrace Verbose: 0 : 72680, 1, 2024/11/05, 13:47:30.582, 16265804299783, vstest.console.dll, CurrentDomainAssemblyResolve: Failed to resolve assembly 'Microsoft.Bcl.AsyncInterfaces'.
TpTrace Warning: 0 : 72680, 1, 2024/11/05, 13:47:30.582, 16265804301713, vstest.console.dll, TestPluginDiscoverer: Failed to get types from assembly 'Microsoft.Diagnostics.NETCore.Client, Version=0.2.9.2401, Culture=neutral, PublicKeyToken=31bf3856ad364e35'. Error: System.Reflection.ReflectionTypeLoadException: Unable to load one or more of the requested types.
Could not load file or assembly 'Microsoft.Bcl.AsyncInterfaces, Version=6.0.0.0, Culture=neutral, PublicKeyToken=cc7b13ffcd2ddd51'. Le fichier spécifié est introuvable.
   at System.Reflection.RuntimeModule.GetTypes(RuntimeModule module)
   at System.Reflection.RuntimeModule.GetTypes()
   at Microsoft.VisualStudio.TestPlatform.Common.ExtensionFramework.TestPluginDiscoverer.GetTestExtensionsFromAssembly[TPluginInfo,TExtension](Assembly assembly, Dictionary`2 pluginInfos, String filePath) in /_/src/Microsoft.TestPlatform.Common/ExtensionFramework/TestPluginDiscoverer.cs:line 158
System.IO.FileNotFoundException: Could not load file or assembly 'Microsoft.Bcl.AsyncInterfaces, Version=6.0.0.0, Culture=neutral, PublicKeyToken=cc7b13ffcd2ddd51'. Le fichier spécifié est introuvable.
File name: 'Microsoft.Bcl.AsyncInterfaces, Version=6.0.0.0, Culture=neutral, PublicKeyToken=cc7b13ffcd2ddd51'
 ---> System.IO.FileNotFoundException: Could not load file or assembly 'Microsoft.Bcl.AsyncInterfaces, Culture=neutral, PublicKeyToken=null'. Le fichier spécifié est introuvable.
File name: 'Microsoft.Bcl.AsyncInterfaces, Culture=neutral, PublicKeyToken=null'
   at System.Reflection.RuntimeAssembly.InternalLoad(AssemblyName assemblyName, StackCrawlMark& stackMark, AssemblyLoadContext assemblyLoadContext, RuntimeAssembly requestingAssembly, Boolean throwOnFileNotFound)
   at System.Reflection.Assembly.Load(AssemblyName assemblyRef)
   at Microsoft.VisualStudio.TestPlatform.Common.ExtensionFramework.TestPluginCache.CurrentDomainAssemblyResolve(Object sender, AssemblyResolveEventArgs args) in /_/src/Microsoft.TestPlatform.Common/ExtensionFramework/TestPluginCache.cs:line 513
   at System.Runtime.Loader.AssemblyLoadContext.GetFirstResolvedAssemblyFromResolvingEvent(AssemblyName assemblyName)
   at System.Runtime.Loader.AssemblyLoadContext.ResolveUsingEvent(AssemblyName assemblyName)
   at System.Runtime.Loader.AssemblyLoadContext.ResolveUsingResolvingEvent(IntPtr gchManagedAssemblyLoadContext, AssemblyName assemblyName)
TpTrace Warning: 0 : 72680, 1, 2024/11/05, 13:47:30.582, 16265804302514, vstest.console.dll, LoaderExceptions: System.IO.FileNotFoundException: Could not load file or assembly 'Microsoft.Bcl.AsyncInterfaces, Version=6.0.0.0, Culture=neutral, PublicKeyToken=cc7b13ffcd2ddd51'. Le fichier spécifié est introuvable.
File name: 'Microsoft.Bcl.AsyncInterfaces, Version=6.0.0.0, Culture=neutral, PublicKeyToken=cc7b13ffcd2ddd51'
 ---> System.IO.FileNotFoundException: Could not load file or assembly 'Microsoft.Bcl.AsyncInterfaces, Culture=neutral, PublicKeyToken=null'. Le fichier spécifié est introuvable.
File name: 'Microsoft.Bcl.AsyncInterfaces, Culture=neutral, PublicKeyToken=null'
   at System.Reflection.RuntimeAssembly.InternalLoad(AssemblyName assemblyName, StackCrawlMark& stackMark, AssemblyLoadContext assemblyLoadContext, RuntimeAssembly requestingAssembly, Boolean throwOnFileNotFound)
   at System.Reflection.Assembly.Load(AssemblyName assemblyRef)
   at Microsoft.VisualStudio.TestPlatform.Common.ExtensionFramework.TestPluginCache.CurrentDomainAssemblyResolve(Object sender, AssemblyResolveEventArgs args) in /_/src/Microsoft.TestPlatform.Common/ExtensionFramework/TestPluginCache.cs:line 513
   at System.Runtime.Loader.AssemblyLoadContext.GetFirstResolvedAssemblyFromResolvingEvent(AssemblyName assemblyName)
   at System.Runtime.Loader.AssemblyLoadContext.ResolveUsingEvent(AssemblyName assemblyName)
   at System.Runtime.Loader.AssemblyLoadContext.ResolveUsingResolvingEvent(IntPtr gchManagedAssemblyLoadContext, AssemblyName assemblyName)
TpTrace Verbose: 0 : 72680, 1, 2024/11/05, 13:47:30.582, 16265804303001, vstest.console.dll, MetadataReaderExtensionsHelper: Discovering extensions inside assembly 'Microsoft.TestPlatform.Extensions.BlameDataCollector, Version=15.0.0.0, Culture=neutral, PublicKeyToken=b03f5f7f11d50a3a' file path 'C:\Program Files\dotnet\sdk\8.0.206\Extensions\Microsoft.TestPlatform.Extensions.BlameDataCollector.dll'
TpTrace Information: 0 : 72680, 1, 2024/11/05, 13:47:30.582, 16265804308091, vstest.console.dll, GetTestExtensionFromType: Register extension with identifier data 'logger://Microsoft/TestPlatform/Extensions/Blame/v1' and type 'Microsoft.TestPlatform.Extensions.BlameDataCollector.BlameLogger, Microsoft.TestPlatform.Extensions.BlameDataCollector, Version=15.0.0.0, Culture=neutral, PublicKeyToken=b03f5f7f11d50a3a' inside file 'C:\Program Files\dotnet\sdk\8.0.206\Extensions\Microsoft.TestPlatform.Extensions.BlameDataCollector.dll'
TpTrace Verbose: 0 : 72680, 1, 2024/11/05, 13:47:30.583, 16265804308654, vstest.console.dll, MetadataReaderExtensionsHelper: Discovering extensions inside assembly 'Microsoft.TestPlatform.Extensions.EventLogCollector, Version=15.0.0.0, Culture=neutral, PublicKeyToken=b03f5f7f11d50a3a' file path 'C:\Program Files\dotnet\sdk\8.0.206\Extensions\Microsoft.TestPlatform.Extensions.EventLogCollector.dll'
TpTrace Verbose: 0 : 72680, 1, 2024/11/05, 13:47:30.583, 16265804312456, vstest.console.dll, MetadataReaderExtensionsHelper: Discovering extensions inside assembly 'Microsoft.TestPlatform.TestHostRuntimeProvider, Version=15.0.0.0, Culture=neutral, PublicKeyToken=b03f5f7f11d50a3a' file path 'C:\Program Files\dotnet\sdk\8.0.206\Extensions\Microsoft.TestPlatform.TestHostRuntimeProvider.dll'
TpTrace Verbose: 0 : 72680, 1, 2024/11/05, 13:47:30.584, 16265804318872, vstest.console.dll, MetadataReaderExtensionsHelper: Discovering extensions inside assembly 'Microsoft.VisualStudio.TestPlatform.Extensions.Html.TestLogger, Version=15.0.0.0, Culture=neutral, PublicKeyToken=b03f5f7f11d50a3a' file path 'C:\Program Files\dotnet\sdk\8.0.206\Extensions\Microsoft.VisualStudio.TestPlatform.Extensions.Html.TestLogger.dll'
TpTrace Information: 0 : 72680, 1, 2024/11/05, 13:47:30.584, 16265804326730, vstest.console.dll, GetTestExtensionFromType: Register extension with identifier data 'logger://Microsoft/TestPlatform/HtmlLogger/v1' and type 'Microsoft.VisualStudio.TestPlatform.Extensions.HtmlLogger.HtmlLogger, Microsoft.VisualStudio.TestPlatform.Extensions.Html.TestLogger, Version=15.0.0.0, Culture=neutral, PublicKeyToken=b03f5f7f11d50a3a' inside file 'C:\Program Files\dotnet\sdk\8.0.206\Extensions\Microsoft.VisualStudio.TestPlatform.Extensions.Html.TestLogger.dll'
TpTrace Verbose: 0 : 72680, 1, 2024/11/05, 13:47:30.584, 16265804327427, vstest.console.dll, MetadataReaderExtensionsHelper: Discovering extensions inside assembly 'Microsoft.VisualStudio.TestPlatform.Extensions.Trx.TestLogger, Version=15.0.0.0, Culture=neutral, PublicKeyToken=b03f5f7f11d50a3a' file path 'C:\Program Files\dotnet\sdk\8.0.206\Extensions\Microsoft.VisualStudio.TestPlatform.Extensions.Trx.TestLogger.dll'
TpTrace Information: 0 : 72680, 1, 2024/11/05, 13:47:30.585, 16265804332044, vstest.console.dll, GetTestExtensionFromType: Register extension with identifier data 'logger://Microsoft/TestPlatform/TrxLogger/v1' and type 'Microsoft.VisualStudio.TestPlatform.Extensions.TrxLogger.TrxLogger, Microsoft.VisualStudio.TestPlatform.Extensions.Trx.TestLogger, Version=15.0.0.0, Culture=neutral, PublicKeyToken=b03f5f7f11d50a3a' inside file 'C:\Program Files\dotnet\sdk\8.0.206\Extensions\Microsoft.VisualStudio.TestPlatform.Extensions.Trx.TestLogger.dll'
TpTrace Verbose: 0 : 72680, 1, 2024/11/05, 13:47:30.585, 16265804332630, vstest.console.dll, TestPluginCache: Discovered the extensions using extension path ''.
TpTrace Verbose: 0 : 72680, 1, 2024/11/05, 13:47:30.585, 16265804332780, vstest.console.dll, TestPluginCache: Discoverers are ''.
TpTrace Verbose: 0 : 72680, 1, 2024/11/05, 13:47:30.585, 16265804332898, vstest.console.dll, TestPluginCache: Executors are ''.
TpTrace Verbose: 0 : 72680, 1, 2024/11/05, 13:47:30.585, 16265804333008, vstest.console.dll, TestPluginCache: Executors2 are ''.
TpTrace Verbose: 0 : 72680, 1, 2024/11/05, 13:47:30.585, 16265804333136, vstest.console.dll, TestPluginCache: Setting providers are ''.
TpTrace Verbose: 0 : 72680, 1, 2024/11/05, 13:47:30.585, 16265804333592, vstest.console.dll, TestPluginCache: Loggers are 'logger://Microsoft/TestPlatform/Extensions/Blame/v1,logger://Microsoft/TestPlatform/HtmlLogger/v1,logger://Microsoft/TestPlatform/TrxLogger/v1'.
TpTrace Verbose: 0 : 72680, 1, 2024/11/05, 13:47:30.585, 16265804333776, vstest.console.dll, TestPluginCache: TestHosts are 'HostProvider://DefaultTestHost,HostProvider://DotnetTestHost'.
TpTrace Verbose: 0 : 72680, 1, 2024/11/05, 13:47:30.585, 16265804333890, vstest.console.dll, TestPluginCache: DataCollectors are ''.
TpTrace Information: 0 : 72680, 1, 2024/11/05, 13:47:30.586, 16265804339255, vstest.console.dll, TestPluginManager.CreateTestExtension: Attempting to load test extension: Microsoft.TestPlatform.Extensions.BlameDataCollector.BlameLogger
TpTrace Verbose: 0 : 72680, 1, 2024/11/05, 13:47:30.591, 16265804388474, vstest.console.dll, TestEngine: Initializing Parallel Execution as MaxCpuCount is set to: 1
TpTrace Information: 0 : 72680, 1, 2024/11/05, 13:47:30.592, 16265804403931, vstest.console.dll, TestPluginManager.CreateTestExtension: Attempting to load test extension: Microsoft.VisualStudio.TestPlatform.CrossPlatEngine.Hosting.DefaultTestHostManager
TpTrace Information: 0 : 72680, 1, 2024/11/05, 13:47:30.594, 16265804421006, vstest.console.dll, TestPluginManager.CreateTestExtension: Attempting to load test extension: Microsoft.VisualStudio.TestPlatform.CrossPlatEngine.Hosting.DotnetTestHostManager
TpTrace Information: 0 : 72680, 1, 2024/11/05, 13:47:30.594, 16265804425730, vstest.console.dll, InferRunSettingsHelper.IsTestSettingsEnabled: Unable to navigate to RunSettings/MSTest. Current node: RunSettings
TpTrace Verbose: 0 : 72680, 1, 2024/11/05, 13:47:30.595, 16265804429283, vstest.console.dll, ParallelOperationManager.ClearSlots: Clearing all slots. Slots should accept more work: True
TpTrace Verbose: 0 : 72680, 1, 2024/11/05, 13:47:30.595, 16265804435270, vstest.console.dll, ParallelOperationManager.SetOccupiedSlotCount: Setting slot counts AvailableSlotCount = 1, OccupiedSlotCount = 0.
TpTrace Verbose: 0 : 72680, 1, 2024/11/05, 13:47:30.595, 16265804437355, vstest.console.dll, Occupied slots:

TpTrace Verbose: 0 : 72680, 1, 2024/11/05, 13:47:30.598, 16265804460044, vstest.console.dll, TestEngine.GetExecutionManager: Chosen execution manager 'Microsoft.VisualStudio.TestPlatform.CrossPlatEngine.Client.Parallel.ParallelProxyExecutionManager, Microsoft.TestPlatform.CrossPlatEngine, Version=15.0.0.0, Culture=neutral, PublicKeyToken=b03f5f7f11d50a3a' ParallelLevel '1'.
TpTrace Verbose: 0 : 72680, 1, 2024/11/05, 13:47:30.598, 16265804460978, vstest.console.dll, TestRunRequest.ExecuteAsync: Creating test run request.
TpTrace Verbose: 0 : 72680, 1, 2024/11/05, 13:47:30.598, 16265804462446, vstest.console.dll, TestRunRequest.ExecuteAsync: Starting.
TpTrace Information: 0 : 72680, 1, 2024/11/05, 13:47:30.599, 16265804468961, vstest.console.dll, TestRunRequest.ExecuteAsync: Starting run with settings:TestRunCriteria:
   KeepAlive=False,FrequencyOfRunStatsChangeEvent=10,RunStatsChangeEventTimeout=00:00:01.5000000,TestCaseFilter=,TestExecutorLauncher=
   Settingsxml=<RunSettings>
  <RunConfiguration>
    <ResultsDirectory>C:\Users\gurdi\source\repos\Back-end.NET_API_REST\P7CreateRestApi.Tests\bin\Debug\net6.0\fine-code-coverage\coverage-tool-output</ResultsDirectory>
    <TargetPlatform>X64</TargetPlatform>
    <TargetFrameworkVersion>.NETCoreApp,Version=v6.0</TargetFrameworkVersion>
    <DesignMode>False</DesignMode>
    <CollectSourceInformation>False</CollectSourceInformation>
  </RunConfiguration>
  <LoggerRunSettings>
    <Loggers>
      <Logger friendlyName="blame" enabled="True" />
      <Logger friendlyName="Console" uri="logger://microsoft/TestPlatform/ConsoleLogger/v1" assemblyQualifiedName="Microsoft.VisualStudio.TestPlatform.CommandLine.Internal.ConsoleLogger, vstest.console, Version=15.0.0.0, Culture=neutral, PublicKeyToken=b03f5f7f11d50a3a" codeBase="C:\Program Files\dotnet\sdk\8.0.206\vstest.console.dll" enabled="True" />
    </Loggers>
  </LoggerRunSettings>
  <DataCollectionRunSettings>
    <DataCollectors>
      <DataCollector friendlyName="blame" enabled="True">
        <Configuration>
          <ResultsDirectory>C:\Users\gurdi\source\repos\Back-end.NET_API_REST\P7CreateRestApi.Tests\bin\Debug\net6.0\fine-code-coverage\coverage-tool-output</ResultsDirectory>
        </Configuration>
      </DataCollector>
    </DataCollectors>
  </DataCollectionRunSettings>
</RunSettings>

TpTrace Verbose: 0 : 72680, 1, 2024/11/05, 13:47:30.599, 16265804469325, vstest.console.dll, TestRunRequest.ExecuteAsync: Wait for the first run request is over.
TpTrace Verbose: 0 : 72680, 1, 2024/11/05, 13:47:30.599, 16265804471089, vstest.console.dll, MulticastDelegateUtilities.SafeInvoke: TestRun.TestRunStart: Invoking callbacks was skipped because there are no subscribers.
TpTrace Verbose: 0 : 72680, 4, 2024/11/05, 13:47:30.599, 16265804473488, vstest.console.dll, MulticastDelegateUtilities.SafeInvoke: InternalTestLoggerEvents.SendTestRunStart: Invoking callback 1/1 for Microsoft.VisualStudio.TestPlatform.CommandLine.Internal.ConsoleLogger., took 0 ms.
TpTrace Verbose: 0 : 72680, 1, 2024/11/05, 13:47:30.599, 16265804477105, vstest.console.dll, ParallelProxyExecutionManager: Start execution. Total sources: 1
TpTrace Verbose: 0 : 72680, 1, 2024/11/05, 13:47:30.600, 16265804479194, vstest.console.dll, ParallelOperationManager.StartWork: Starting adding 1 workloads.
TpTrace Verbose: 0 : 72680, 1, 2024/11/05, 13:47:30.600, 16265804479538, vstest.console.dll, ParallelOperationManager.ClearSlots: Clearing all slots. Slots should accept more work: True
TpTrace Verbose: 0 : 72680, 1, 2024/11/05, 13:47:30.600, 16265804479883, vstest.console.dll, ParallelOperationManager.SetOccupiedSlotCount: Setting slot counts AvailableSlotCount = 1, OccupiedSlotCount = 0.
TpTrace Verbose: 0 : 72680, 1, 2024/11/05, 13:47:30.600, 16265804480087, vstest.console.dll, Occupied slots:

TpTrace Verbose: 0 : 72680, 1, 2024/11/05, 13:47:30.600, 16265804488199, vstest.console.dll, TestRequestSender is acting as server.
TpTrace Verbose: 0 : 72680, 1, 2024/11/05, 13:47:30.601, 16265804494510, vstest.console.dll, ParallelOperationManager.RunWorkInParallel: Adding 1 workload to slot, remaining workloads 0.
TpTrace Verbose: 0 : 72680, 1, 2024/11/05, 13:47:30.601, 16265804494932, vstest.console.dll, ParallelOperationManager.SetOccupiedSlotCount: Setting slot counts AvailableSlotCount = 0, OccupiedSlotCount = 1.
TpTrace Verbose: 0 : 72680, 1, 2024/11/05, 13:47:30.601, 16265804495488, vstest.console.dll, Occupied slots:
0: C:\Users\gurdi\source\repos\Back-end.NET_API_REST\P7CreateRestApi.Tests\bin\Debug\net6.0\fine-code-coverage\build-output\P7CreateRestApi.Tests.dll
TpTrace Verbose: 0 : 72680, 1, 2024/11/05, 13:47:30.602, 16265804501350, vstest.console.dll, ParallelOperationManager.RunWorkInParallel: Started host in slot number 0 for work (source): C:\Users\gurdi\source\repos\Back-end.NET_API_REST\P7CreateRestApi.Tests\bin\Debug\net6.0\fine-code-coverage\build-output\P7CreateRestApi.Tests.dll.
TpTrace Verbose: 0 : 72680, 1, 2024/11/05, 13:47:30.603, 16265804508469, vstest.console.dll, ParallelOperationManager.RunWorkInParallel: We started 1 work items, which is the max parallel level. Won't start more work.
TpTrace Verbose: 0 : 72680, 1, 2024/11/05, 13:47:30.603, 16265804508958, vstest.console.dll, ParallelOperationManager.RunWorkInParallel: We started 1 work items in here, returning True.
TpTrace Information: 0 : 72680, 1, 2024/11/05, 13:47:30.603, 16265804509159, vstest.console.dll, TestRunRequest.ExecuteAsync: Started.
TpTrace Verbose: 0 : 72680, 5, 2024/11/05, 13:47:30.603, 16265804510568, vstest.console.dll, ParallelProxyExecutionManager.StartTestRunOnConcurrentManager: Initializing uninitialized client. Started clients: 0
TpTrace Verbose: 0 : 72680, 5, 2024/11/05, 13:47:30.603, 16265804511518, vstest.console.dll, DataCollectionRequestSender.InitializeCommunication : Initialize communication. 
TpTrace Verbose: 0 : 72680, 1, 2024/11/05, 13:47:30.603, 16265804513154, vstest.console.dll, TestRunRequest.WaitForCompletion: Waiting with timeout -1.
TpTrace Information: 0 : 72680, 5, 2024/11/05, 13:47:30.608, 16265804565928, vstest.console.dll, Listening on Endpoint : 127.0.0.1:50800
TpTrace Verbose: 0 : 72680, 5, 2024/11/05, 13:47:30.612, 16265804605409, vstest.console.dll, DotnetDataCollectionLauncher: Adding  --runtimeconfig "C:\Program Files\dotnet\sdk\8.0.206\datacollector.runtimeconfig.json" in args
TpTrace Verbose: 0 : 72680, 5, 2024/11/05, 13:47:30.612, 16265804606577, vstest.console.dll, DotnetDataCollectionLauncher: Adding  --depsfile "C:\Program Files\dotnet\sdk\8.0.206\datacollector.deps.json" in args
TpTrace Verbose: 0 : 72680, 5, 2024/11/05, 13:47:30.612, 16265804607647, vstest.console.dll, DotnetDataCollectionLauncher: Full path of dotnet.exe is C:\Program Files\dotnet\dotnet.exe
TpTrace Information: 0 : 72680, 5, 2024/11/05, 13:47:30.618, 16265804667071, vstest.console.dll, ProxyDataCollectionManager.Initialize: Launched datacollector processId: 76840 port: 50800
TpTrace Information: 0 : 72680, 5, 2024/11/05, 13:47:30.619, 16265804669147, vstest.console.dll, ProxyDataCollectionManager.Initialize: waiting for connection with timeout: 90 seconds
TpTrace Verbose: 0 : 72680, 5, 2024/11/05, 13:47:30.619, 16265804671071, vstest.console.dll, DataCollectionRequestSender.WaitForRequestHandlerConnection : Waiting for connection with timeout: 90000
TpTrace Information: 0 : 72680, 7, 2024/11/05, 13:47:30.736, 16265805841995, vstest.console.dll, Using the buffer size of 16384 bytes
TpTrace Verbose: 0 : 72680, 5, 2024/11/05, 13:47:30.736, 16265805842275, vstest.console.dll, SocketCommunicationManager.WaitForClientConnection took: 116 ms, with 90000 ms timeout, and finished with True.
TpTrace Verbose: 0 : 72680, 5, 2024/11/05, 13:47:30.736, 16265805844971, vstest.console.dll, ProxyDataCollectionManager.InvokeDataCollectionServiceAction: Starting.
TpTrace Information: 0 : 72680, 7, 2024/11/05, 13:47:30.736, 16265805843589, vstest.console.dll, Accepted Client request and set the flag
TpTrace Information: 0 : 72680, 5, 2024/11/05, 13:47:30.736, 16265805846504, vstest.console.dll, ProxyDataCollectionManager.BeforeTestRunStart: Get environment variable and port for datacollector processId: 76840 port: 50800
TpTrace Verbose: 0 : 72680, 5, 2024/11/05, 13:47:30.737, 16265805849488, vstest.console.dll, DataCollectionRequestSender.SendBeforeTestRunStartAndGetResult: Send BeforeTestRunStart message with settingsXml <RunSettings><RunConfiguration><ResultsDirectory>C:\Users\gurdi\source\repos\Back-end.NET_API_REST\P7CreateRestApi.Tests\bin\Debug\net6.0\fine-code-coverage\coverage-tool-output</ResultsDirectory><TargetPlatform>X64</TargetPlatform><TargetFrameworkVersion>.NETCoreApp,Version=v6.0</TargetFrameworkVersion><DesignMode>False</DesignMode><CollectSourceInformation>False</CollectSourceInformation><TestAdaptersPaths>C:\Program Files\dotnet\sdk\8.0.206\Extensions</TestAdaptersPaths></RunConfiguration><LoggerRunSettings><Loggers><Logger friendlyName="blame" enabled="True" /><Logger friendlyName="Console" uri="logger://microsoft/TestPlatform/ConsoleLogger/v1" assemblyQualifiedName="Microsoft.VisualStudio.TestPlatform.CommandLine.Internal.ConsoleLogger, vstest.console, Version=15.0.0.0, Culture=neutral, PublicKeyToken=b03f5f7f11d50a3a" codeBase="C:\Program Files\dotnet\sdk\8.0.206\vstest.console.dll" enabled="True" /></Loggers></LoggerRunSettings><DataCollectionRunSettings><DataCollectors><DataCollector friendlyName="blame" enabled="True"><Configuration><ResultsDirectory>C:\Users\gurdi\source\repos\Back-end.NET_API_REST\P7CreateRestApi.Tests\bin\Debug\net6.0\fine-code-coverage\coverage-tool-output</ResultsDirectory></Configuration></DataCollector></DataCollectors></DataCollectionRunSettings></RunSettings> and sources System.Collections.Generic.List`1[System.String]: 
TpTrace Verbose: 0 : 72680, 5, 2024/11/05, 13:47:30.783, 16265806316923, vstest.console.dll, DataCollectionRequestSender.SendBeforeTestRunStartAndGetResult: Received message: (DataCollection.SendMessage) -> {"MessageType":"DataCollection.SendMessage","Payload":{"FriendlyName":null,"Uri":null,"TestCaseId":"00000000-0000-0000-0000-000000000000","Message":"Logging DataCollector Diagnostics in file: C:\\Users\\gurdi\\source\\repos\\Back-end.NET_API_REST\\P7CreateRestApi.Tests\\bin\\Debug\\net6.0\\fine-code-coverage\\coverage-tool-output\\diagnostics.datacollector.24-11-05_13-47-30_61247_5.log","Level":0}}
TpTrace Verbose: 0 : 72680, 5, 2024/11/05, 13:47:30.859, 16265807069740, vstest.console.dll, DataCollectionRequestSender.SendBeforeTestRunStartAndGetResult: Received message: (DataCollection.BeforeTestRunStartResult) -> {"MessageType":"DataCollection.BeforeTestRunStartResult","Payload":{"EnvironmentVariables":{},"DataCollectionEventsPort":50802}}
TpTrace Information: 0 : 72680, 5, 2024/11/05, 13:47:30.862, 16265807100163, vstest.console.dll, ProxyDataCollectionManager.BeforeTestRunStart: SendBeforeTestRunStartAndGetResult successful, env variable from datacollector:   and testhost port: 50802
TpTrace Information: 0 : 72680, 5, 2024/11/05, 13:47:30.862, 16265807101260, vstest.console.dll, ProxyDataCollectionManager.InvokeDataCollectionServiceAction: Completed.
TpTrace Verbose: 0 : 72680, 5, 2024/11/05, 13:47:30.862, 16265807101493, vstest.console.dll, ParallelProxyExecutionManager.StartTestRunOnConcurrentManager: Initializing test run. Started clients: 0
TpTrace Verbose: 0 : 72680, 5, 2024/11/05, 13:47:30.862, 16265807102109, vstest.console.dll, ProxyExecutionManager: Test host is always Lazy initialize.
TpTrace Verbose: 0 : 72680, 5, 2024/11/05, 13:47:30.862, 16265807103890, vstest.console.dll, TestRequestSender.InitializeCommunication: initialize communication. 
TpTrace Information: 0 : 72680, 5, 2024/11/05, 13:47:30.862, 16265807108220, vstest.console.dll, SocketServer.Start: Listening on endpoint : 127.0.0.1:50803
TpTrace Verbose: 0 : 72680, 5, 2024/11/05, 13:47:30.863, 16265807113464, vstest.console.dll, DotnetTestHostmanager.GetTestHostProcessStartInfo: Platform environment 'X64' target architecture 'X64' framework '.NETCoreApp,Version=v6.0' OS 'Windows'
TpTrace Verbose: 0 : 72680, 5, 2024/11/05, 13:47:30.863, 16265807115200, vstest.console.dll, DotnetTestHostmanager: Adding  --runtimeconfig "C:\Users\gurdi\source\repos\Back-end.NET_API_REST\P7CreateRestApi.Tests\bin\Debug\net6.0\fine-code-coverage\build-output\P7CreateRestApi.Tests.runtimeconfig.json" in args
TpTrace Verbose: 0 : 72680, 5, 2024/11/05, 13:47:30.863, 16265807115802, vstest.console.dll, DotnetTestHostmanager: Adding  --depsfile "C:\Users\gurdi\source\repos\Back-end.NET_API_REST\P7CreateRestApi.Tests\bin\Debug\net6.0\fine-code-coverage\build-output\P7CreateRestApi.Tests.deps.json" in args
TpTrace Verbose: 0 : 72680, 5, 2024/11/05, 13:47:30.863, 16265807116866, vstest.console.dll, DotnetTestHostmanager.IsWinOnArm: Current PROCESSOR_ARCHITECTURE from environment variable 'AMD64'
TpTrace Verbose: 0 : 72680, 5, 2024/11/05, 13:47:30.863, 16265807117177, vstest.console.dll, DotnetTestHostmanager.IsWinOnArm: Is Windows on ARM 'False'
TpTrace Verbose: 0 : 72680, 5, 2024/11/05, 13:47:30.863, 16265807117738, vstest.console.dll, DotnetTestHostManager: testhost.exe found at path: C:\Users\gurdi\source\repos\Back-end.NET_API_REST\P7CreateRestApi.Tests\bin\Debug\net6.0\fine-code-coverage\build-output\testhost.exe
TpTrace Verbose: 0 : 72680, 5, 2024/11/05, 13:47:30.863, 16265807117908, vstest.console.dll, DotnetTestHostmanager: Full path of host exe is C:\Users\gurdi\source\repos\Back-end.NET_API_REST\P7CreateRestApi.Tests\bin\Debug\net6.0\fine-code-coverage\build-output\testhost.exe
TpTrace Verbose: 0 : 72680, 5, 2024/11/05, 13:47:30.864, 16265807118589, vstest.console.dll, DotnetTestHostmanager.LaunchTestHostAsync: Found 'VSTEST_WINAPPHOST_DOTNET_ROOT' in env variables, value 'C:\Program Files\dotnet', forwarding to 'DOTNET_ROOT'
TpTrace Verbose: 0 : 72680, 5, 2024/11/05, 13:47:30.864, 16265807119402, vstest.console.dll, DotnetTestHostManager: Starting process 'C:\Users\gurdi\source\repos\Back-end.NET_API_REST\P7CreateRestApi.Tests\bin\Debug\net6.0\fine-code-coverage\build-output\testhost.exe' with command line ' --runtimeconfig "C:\Users\gurdi\source\repos\Back-end.NET_API_REST\P7CreateRestApi.Tests\bin\Debug\net6.0\fine-code-coverage\build-output\P7CreateRestApi.Tests.runtimeconfig.json" --depsfile "C:\Users\gurdi\source\repos\Back-end.NET_API_REST\P7CreateRestApi.Tests\bin\Debug\net6.0\fine-code-coverage\build-output\P7CreateRestApi.Tests.deps.json" --port 50803 --endpoint 127.0.0.1:050803 --role client --parentprocessid 72680 --diag "C:\Users\gurdi\source\repos\Back-end.NET_API_REST\P7CreateRestApi.Tests\bin\Debug\net6.0\fine-code-coverage\coverage-tool-output\diagnostics.host.24-11-05_13-47-30_86328_5.log" --tracelevel 4 --datacollectionport 50802 --telemetryoptedin false'
TpTrace Verbose: 0 : 72680, 5, 2024/11/05, 13:47:30.869, 16265807170382, vstest.console.dll, MulticastDelegateUtilities.SafeInvoke: HostProviderEvents.OnHostLaunched: Invoking callback 1/2 for Microsoft.VisualStudio.TestPlatform.CrossPlatEngine.Client.ProxyExecutionManagerWithDataCollection., took 0 ms.
TpTrace Verbose: 0 : 72680, 5, 2024/11/05, 13:47:30.869, 16265807173582, vstest.console.dll, Test Runtime launched
TpTrace Verbose: 0 : 72680, 5, 2024/11/05, 13:47:30.869, 16265807174087, vstest.console.dll, MulticastDelegateUtilities.SafeInvoke: HostProviderEvents.OnHostLaunched: Invoking callback 2/2 for Microsoft.VisualStudio.TestPlatform.CrossPlatEngine.Client.ProxyOperationManager., took 0 ms.
TpTrace Verbose: 0 : 72680, 5, 2024/11/05, 13:47:30.869, 16265807175207, vstest.console.dll, TestRequestSender.WaitForRequestHandlerConnection: waiting for connection with timeout: 90000.
TpTrace Verbose: 0 : 72680, 7, 2024/11/05, 13:47:30.987, 16265808351345, vstest.console.dll, MulticastDelegateUtilities.SafeInvoke: SocketServer: ClientConnected: Invoking callback 1/1 for Microsoft.VisualStudio.TestPlatform.CommunicationUtilities.TestRequestSender., took 0 ms.
TpTrace Verbose: 0 : 72680, 7, 2024/11/05, 13:47:30.987, 16265808352544, vstest.console.dll, SocketServer.OnClientConnected: Client connected for endPoint: 127.0.0.1:50803, starting MessageLoopAsync:
TpTrace Verbose: 0 : 72680, 5, 2024/11/05, 13:47:30.987, 16265808351887, vstest.console.dll, TestRequestSender.WaitForRequestHandlerConnection: waiting took 117 ms, with timeout 90000 ms, and result 0, which is success.
TpTrace Verbose: 0 : 72680, 7, 2024/11/05, 13:47:30.987, 16265808355869, vstest.console.dll, TcpClientExtensions.MessageLoopAsync: Polling on remoteEndPoint: 127.0.0.1:50804 localEndPoint: 127.0.0.1:50803 after 0 ms
TpTrace Verbose: 0 : 72680, 5, 2024/11/05, 13:47:30.988, 16265808361124, vstest.console.dll, TestRequestSender.CheckVersionWithTestHost: Sending check version message: {"MessageType":"ProtocolVersion","Payload":7}
TpTrace Verbose: 0 : 72680, 7, 2024/11/05, 13:47:31.086, 16265809348087, vstest.console.dll, TcpClientExtensions.MessageLoopAsync: NotifyDataAvailable remoteEndPoint: 127.0.0.1:50804 localEndPoint: 127.0.0.1:50803
TpTrace Verbose: 0 : 72680, 7, 2024/11/05, 13:47:31.087, 16265809350962, vstest.console.dll, TestRequestSender.CheckVersionWithTestHost: onMessageReceived received message: (ProtocolVersion) -> {"MessageType":"ProtocolVersion","Payload":7}
TpTrace Verbose: 0 : 72680, 7, 2024/11/05, 13:47:31.088, 16265809359906, vstest.console.dll, MulticastDelegateUtilities.SafeInvoke: LengthPrefixCommunicationChannel: MessageReceived: Invoking callback 1/1 for Microsoft.VisualStudio.TestPlatform.CommunicationUtilities.TestRequestSender+<>c__DisplayClass29_0., took 0 ms.
TpTrace Verbose: 0 : 72680, 5, 2024/11/05, 13:47:31.088, 16265809360947, vstest.console.dll, TestPluginCache.GetExtensionPaths: Filtered extension paths: 
TpTrace Verbose: 0 : 72680, 7, 2024/11/05, 13:47:31.088, 16265809361098, vstest.console.dll, TcpClientExtensions.MessageLoopAsync: Polling on remoteEndPoint: 127.0.0.1:50804 localEndPoint: 127.0.0.1:50803 after 100 ms
TpTrace Verbose: 0 : 72680, 5, 2024/11/05, 13:47:31.088, 16265809361854, vstest.console.dll, TestPluginCache.GetExtensionPaths: Added default extension paths: C:\Program Files\dotnet\sdk\8.0.206\Extensions\Microsoft.Diagnostics.NETCore.Client.dll
C:\Program Files\dotnet\sdk\8.0.206\Extensions\Microsoft.TestPlatform.Extensions.BlameDataCollector.dll
C:\Program Files\dotnet\sdk\8.0.206\Extensions\Microsoft.TestPlatform.Extensions.EventLogCollector.dll
C:\Program Files\dotnet\sdk\8.0.206\Extensions\Microsoft.TestPlatform.TestHostRuntimeProvider.dll
C:\Program Files\dotnet\sdk\8.0.206\Extensions\Microsoft.VisualStudio.TestPlatform.Extensions.Html.TestLogger.dll
C:\Program Files\dotnet\sdk\8.0.206\Extensions\Microsoft.VisualStudio.TestPlatform.Extensions.Trx.TestLogger.dll
TpTrace Verbose: 0 : 72680, 5, 2024/11/05, 13:47:31.088, 16265809363574, vstest.console.dll, TestPluginCache.GetExtensionPaths: Added unfilterableExtensionPaths: 
TpTrace Verbose: 0 : 72680, 5, 2024/11/05, 13:47:31.091, 16265809390368, vstest.console.dll, TestRequestSender.InitializeExecution: Sending initialize execution with message: {"Version":7,"MessageType":"TestExecution.Initialize","Payload":["C:\\Users\\gurdi\\source\\repos\\Back-end.NET_API_REST\\P7CreateRestApi.Tests\\bin\\Debug\\net6.0\\fine-code-coverage\\build-output\\Microsoft.VisualStudio.TestPlatform.MSTest.TestAdapter.dll"]}
TpTrace Verbose: 0 : 72680, 5, 2024/11/05, 13:47:31.091, 16265809392206, vstest.console.dll, ParallelProxyExecutionManager.StartTestRunOnConcurrentManager: Execution starting. Started clients: 1
TpTrace Verbose: 0 : 72680, 5, 2024/11/05, 13:47:31.091, 16265809394133, vstest.console.dll, TestRunRequest:SendTestRunMessage: Starting.
TpTrace Verbose: 0 : 72680, 5, 2024/11/05, 13:47:31.091, 16265809395351, vstest.console.dll, MulticastDelegateUtilities.SafeInvoke: TestRun.LogMessages: Invoking callback 1/1 for Microsoft.VisualStudio.TestPlatform.CommandLine.TestRunResultAggregator., took 0 ms.
TpTrace Information: 0 : 72680, 5, 2024/11/05, 13:47:31.091, 16265809395617, vstest.console.dll, TestRunRequest:SendTestRunMessage: Completed.
TpTrace Verbose: 0 : 72680, 4, 2024/11/05, 13:47:31.091, 16265809396918, vstest.console.dll, MulticastDelegateUtilities.SafeInvoke: InternalTestLoggerEvents.SendTestRunMessage: Invoking callback 1/1 for Microsoft.VisualStudio.TestPlatform.CommandLine.Internal.ConsoleLogger., took 0 ms.
TpTrace Warning: 0 : 72680, 5, 2024/11/05, 13:47:31.092, 16265809398702, vstest.console.dll, InferRunSettingsHelper.MakeRunsettingsCompatible: Removing the following settings: TargetPlatform from RunSettings file. To use those settings please move to latest version of Microsoft.NET.Test.Sdk
TpTrace Verbose: 0 : 72680, 7, 2024/11/05, 13:47:31.095, 16265809431998, vstest.console.dll, TcpClientExtensions.MessageLoopAsync: NotifyDataAvailable remoteEndPoint: 127.0.0.1:50804 localEndPoint: 127.0.0.1:50803
TpTrace Verbose: 0 : 72680, 7, 2024/11/05, 13:47:31.095, 16265809434694, vstest.console.dll, TestRequestSender.OnExecutionMessageReceived: Received message: {"Version":7,"MessageType":"TestSession.Message","Payload":{"MessageLevel":0,"Message":"Journalisation des diagnostics TestHost dans le fichier : C:\\Users\\gurdi\\source\\repos\\Back-end.NET_API_REST\\P7CreateRestApi.Tests\\bin\\Debug\\net6.0\\fine-code-coverage\\coverage-tool-output\\diagnostics.host.24-11-05_13-47-30_86328_5.log"}}
TpTrace Verbose: 0 : 72680, 5, 2024/11/05, 13:47:31.095, 16265809436180, vstest.console.dll, TestRequestSender.StartTestRun: Sending test run with message: {"Version":7,"MessageType":"TestExecution.StartWithSources","Payload":{"AdapterSourceMap":{"_none_":["C:\\Users\\gurdi\\source\\repos\\Back-end.NET_API_REST\\P7CreateRestApi.Tests\\bin\\Debug\\net6.0\\fine-code-coverage\\build-output\\P7CreateRestApi.Tests.dll"]},"RunSettings":"<RunSettings>\r\n  <RunConfiguration>\r\n    <ResultsDirectory>C:\\Users\\gurdi\\source\\repos\\Back-end.NET_API_REST\\P7CreateRestApi.Tests\\bin\\Debug\\net6.0\\fine-code-coverage\\coverage-tool-output</ResultsDirectory>\r\n    <TargetFrameworkVersion>.NETCoreApp,Version=v6.0</TargetFrameworkVersion>\r\n    <DesignMode>False</DesignMode>\r\n    <CollectSourceInformation>False</CollectSourceInformation>\r\n  </RunConfiguration>\r\n  <LoggerRunSettings>\r\n    <Loggers>\r\n      <Logger friendlyName=\"blame\" enabled=\"True\" />\r\n      <Logger friendlyName=\"Console\" uri=\"logger://microsoft/TestPlatform/ConsoleLogger/v1\" assemblyQualifiedName=\"Microsoft.VisualStudio.TestPlatform.CommandLine.Internal.ConsoleLogger, vstest.console, Version=15.0.0.0, Culture=neutral, PublicKeyToken=b03f5f7f11d50a3a\" codeBase=\"C:\\Program Files\\dotnet\\sdk\\8.0.206\\vstest.console.dll\" enabled=\"True\" />\r\n    </Loggers>\r\n  </LoggerRunSettings>\r\n  <DataCollectionRunSettings>\r\n    <DataCollectors>\r\n      <DataCollector friendlyName=\"blame\" enabled=\"True\">\r\n        <Configuration>\r\n          <ResultsDirectory>C:\\Users\\gurdi\\source\\repos\\Back-end.NET_API_REST\\P7CreateRestApi.Tests\\bin\\Debug\\net6.0\\fine-code-coverage\\coverage-tool-output</ResultsDirectory>\r\n        </Configuration>\r\n      </DataCollector>\r\n    </DataCollectors>\r\n  </DataCollectionRunSettings>\r\n</RunSettings>","TestExecutionContext":{"FrequencyOfRunStatsChangeEvent":10,"RunStatsChangeEventTimeout":"00:00:01.5000000","InIsolation":false,"KeepAlive":false,"AreTestCaseLevelEventsRequired":false,"IsDebug":false,"TestCaseFilter":null,"FilterOptions":null},"Package":null}}
TpTrace Verbose: 0 : 72680, 5, 2024/11/05, 13:47:31.095, 16265809437191, vstest.console.dll, ParallelProxyExecutionManager.StartTestRunOnConcurrentManager: Execution started. Started clients: 1
TpTrace Verbose: 0 : 72680, 7, 2024/11/05, 13:47:31.097, 16265809450106, vstest.console.dll, TestRunRequest:SendTestRunMessage: Starting.
TpTrace Verbose: 0 : 72680, 7, 2024/11/05, 13:47:31.097, 16265809451600, vstest.console.dll, MulticastDelegateUtilities.SafeInvoke: TestRun.LogMessages: Invoking callback 1/1 for Microsoft.VisualStudio.TestPlatform.CommandLine.TestRunResultAggregator., took 0 ms.
TpTrace Information: 0 : 72680, 7, 2024/11/05, 13:47:31.097, 16265809451913, vstest.console.dll, TestRunRequest:SendTestRunMessage: Completed.
TpTrace Verbose: 0 : 72680, 7, 2024/11/05, 13:47:31.097, 16265809452152, vstest.console.dll, MulticastDelegateUtilities.SafeInvoke: LengthPrefixCommunicationChannel: MessageReceived: Invoking callback 1/1 for Microsoft.VisualStudio.TestPlatform.CommunicationUtilities.TestRequestSender+<>c__DisplayClass34_0., took 1 ms.
TpTrace Verbose: 0 : 72680, 7, 2024/11/05, 13:47:31.097, 16265809452322, vstest.console.dll, TcpClientExtensions.MessageLoopAsync: Polling on remoteEndPoint: 127.0.0.1:50804 localEndPoint: 127.0.0.1:50803 after 8 ms
TpTrace Verbose: 0 : 72680, 4, 2024/11/05, 13:47:31.097, 16265809452284, vstest.console.dll, MulticastDelegateUtilities.SafeInvoke: InternalTestLoggerEvents.SendTestRunMessage: Invoking callback 1/1 for Microsoft.VisualStudio.TestPlatform.CommandLine.Internal.ConsoleLogger., took 0 ms.
TpTrace Verbose: 0 : 72680, 7, 2024/11/05, 13:47:31.535, 16265813836016, vstest.console.dll, TcpClientExtensions.MessageLoopAsync: NotifyDataAvailable remoteEndPoint: 127.0.0.1:50804 localEndPoint: 127.0.0.1:50803
TpTrace Verbose: 0 : 72680, 7, 2024/11/05, 13:47:31.536, 16265813845588, vstest.console.dll, TestRequestSender.OnExecutionMessageReceived: Received message: {"Version":7,"MessageType":"TestExecution.StatsChange","Payload":{"NewTestResults":[{"TestCase":{"Id":"d02915e2-a15a-44ea-96df-0d0999b2622e","FullyQualifiedName":"P7CreateRestApi.Tests.BidListControllerTests.GetAllBids_ShouldReturnOkResult_WithListOfBids","DisplayName":"GetAllBids_ShouldReturnOkResult_WithListOfBids","ExecutorUri":"executor://MSTestAdapter/v2","Source":"C:\\Users\\gurdi\\source\\repos\\Back-end.NET_API_REST\\P7CreateRestApi.Tests\\bin\\Debug\\net6.0\\fine-code-coverage\\build-output\\P7CreateRestApi.Tests.dll","CodeFilePath":null,"LineNumber":-1,"Properties":[{"Key":{"Id":"TestCase.ManagedType","Label":"ManagedType","Category":"","Description":"","Attributes":1,"ValueType":"System.String"},"Value":"P7CreateRestApi.Tests.BidListControllerTests"},{"Key":{"Id":"TestCase.ManagedMethod","Label":"ManagedMethod","Category":"","Description":"","Attributes":1,"ValueType":"System.String"},"Value":"GetAllBids_ShouldReturnOkResult_WithListOfBids"},{"Key":{"Id":"MSTestDiscoverer.TestClassName","Label":"ClassName","Category":"","Description":"","Attributes":1,"ValueType":"System.String"},"Value":"P7CreateRestApi.Tests.BidListControllerTests"},{"Key":{"Id":"TestCase.Hierarchy","Label":"Hierarchy","Category":"","Description":"","Attributes":2,"ValueType":"System.String[]"},"Value":["P7CreateRestApi.Tests","BidListControllerTests"]},{"Key":{"Id":"TestObject.Traits","Label":"Caractéristiques","Category":"","Description":"","Attributes":5,"ValueType":"System.Collections.Generic.KeyValuePair`2[[System.String],[System.String]][]"},"Value":[]}]},"Attachments":[],"Outcome":1,"ErrorMessage":null,"ErrorStackTrace":null,"DisplayName":"GetAllBids_ShouldReturnOkResult_WithListOfBids","Messages":[],"ComputerName":null,"Duration":"00:00:00.0770817","StartTime":"2024-11-05T13:47:31.3424878+01:00","EndTime":"2024-11-05T13:47:31.4310522+01:00","Properties":[{"Key":{"Id":"ExecutionId","Label":"ExecutionId","Category":"","Description":"","Attributes":1,"ValueType":"System.Guid"},"Value":"00000000-0000-0000-0000-000000000000"},{"Key":{"Id":"ParentExecId","Label":"ParentExecId","Category":"","Description":"","Attributes":1,"ValueType":"System.Guid"},"Value":"00000000-0000-0000-0000-000000000000"},{"Key":{"Id":"InnerResultsCount","Label":"InnerResultsCount","Category":"","Description":"","Attributes":1,"ValueType":"System.Int32"},"Value":0}]},{"TestCase":{"Id":"c74297c5-44ae-4384-4096-fc7373b18c40","FullyQualifiedName":"P7CreateRestApi.Tests.BidListControllerTests.GetAllBids_ShouldLogWarning_WhenNoBidsFound","DisplayName":"GetAllBids_ShouldLogWarning_WhenNoBidsFound","ExecutorUri":"executor://MSTestAdapter/v2","Source":"C:\\Users\\gurdi\\source\\repos\\Back-end.NET_API_REST\\P7CreateRestApi.Tests\\bin\\Debug\\net6.0\\fine-code-coverage\\build-output\\P7CreateRestApi.Tests.dll","CodeFilePath":null,"LineNumber":-1,"Properties":[{"Key":{"Id":"TestCase.ManagedType","Label":"ManagedType","Category":"","Description":"","Attributes":1,"ValueType":"System.String"},"Value":"P7CreateRestApi.Tests.BidListControllerTests"},{"Key":{"Id":"TestCase.ManagedMethod","Label":"ManagedMethod","Category":"","Description":"","Attributes":1,"ValueType":"System.String"},"Value":"GetAllBids_ShouldLogWarning_WhenNoBidsFound"},{"Key":{"Id":"MSTestDiscoverer.TestClassName","Label":"ClassName","Category":"","Description":"","Attributes":1,"ValueType":"System.String"},"Value":"P7CreateRestApi.Tests.BidListControllerTests"},{"Key":{"Id":"TestCase.Hierarchy","Label":"Hierarchy","Category":"","Description":"","Attributes":2,"ValueType":"System.String[]"},"Value":["P7CreateRestApi.Tests","BidListControllerTests"]},{"Key":{"Id":"TestObject.Traits","Label":"Caractéristiques","Category":"","Description":"","Attributes":5,"ValueType":"System.Collections.Generic.KeyValuePair`2[[System.String],[System.String]][]"},"Value":[]}]},"Attachments":[],"Outcome":1,"ErrorMessage":null,"ErrorStackTrace":null,"DisplayName":"GetAllBids_ShouldLogWarning_WhenNoBidsFound","Messages":[],"ComputerName":null,"Duration":"00:00:00.0178646","StartTime":"2024-11-05T13:47:31.4499844+01:00","EndTime":"2024-11-05T13:47:31.4681644+01:00","Properties":[{"Key":{"Id":"ExecutionId","Label":"ExecutionId","Category":"","Description":"","Attributes":1,"ValueType":"System.Guid"},"Value":"00000000-0000-0000-0000-000000000000"},{"Key":{"Id":"ParentExecId","Label":"ParentExecId","Category":"","Description":"","Attributes":1,"ValueType":"System.Guid"},"Value":"00000000-0000-0000-0000-000000000000"},{"Key":{"Id":"InnerResultsCount","Label":"InnerResultsCount","Category":"","Description":"","Attributes":1,"ValueType":"System.Int32"},"Value":0}]},{"TestCase":{"Id":"0f889924-096a-08fc-cc1e-e23d7e18c8a2","FullyQualifiedName":"P7CreateRestApi.Tests.BidListControllerTests.CreateBid_ValidModel_ShouldReturnCreatedResult","DisplayName":"CreateBid_ValidModel_ShouldReturnCreatedResult","ExecutorUri":"executor://MSTestAdapter/v2","Source":"C:\\Users\\gurdi\\source\\repos\\Back-end.NET_API_REST\\P7CreateRestApi.Tests\\bin\\Debug\\net6.0\\fine-code-coverage\\build-output\\P7CreateRestApi.Tests.dll","CodeFilePath":null,"LineNumber":-1,"Properties":[{"Key":{"Id":"TestCase.ManagedType","Label":"ManagedType","Category":"","Description":"","Attributes":1,"ValueType":"System.String"},"Value":"P7CreateRestApi.Tests.BidListControllerTests"},{"Key":{"Id":"TestCase.ManagedMethod","Label":"ManagedMethod","Category":"","Description":"","Attributes":1,"ValueType":"System.String"},"Value":"CreateBid_ValidModel_ShouldReturnCreatedResult"},{"Key":{"Id":"MSTestDiscoverer.TestClassName","Label":"ClassName","Category":"","Description":"","Attributes":1,"ValueType":"System.String"},"Value":"P7CreateRestApi.Tests.BidListControllerTests"},{"Key":{"Id":"TestCase.Hierarchy","Label":"Hierarchy","Category":"","Description":"","Attributes":2,"ValueType":"System.String[]"},"Value":["P7CreateRestApi.Tests","BidListControllerTests"]},{"Key":{"Id":"TestObject.Traits","Label":"Caractéristiques","Category":"","Description":"","Attributes":5,"ValueType":"System.Collections.Generic.KeyValuePair`2[[System.String],[System.String]][]"},"Value":[]}]},"Attachments":[],"Outcome":1,"ErrorMessage":null,"ErrorStackTrace":null,"DisplayName":"CreateBid_ValidModel_ShouldReturnCreatedResult","Messages":[],"ComputerName":null,"Duration":"00:00:00.0055845","StartTime":"2024-11-05T13:47:31.4717673+01:00","EndTime":"2024-11-05T13:47:31.4775691+01:00","Properties":[{"Key":{"Id":"ExecutionId","Label":"ExecutionId","Category":"","Description":"","Attributes":1,"ValueType":"System.Guid"},"Value":"00000000-0000-0000-0000-000000000000"},{"Key":{"Id":"ParentExecId","Label":"ParentExecId","Category":"","Description":"","Attributes":1,"ValueType":"System.Guid"},"Value":"00000000-0000-0000-0000-000000000000"},{"Key":{"Id":"InnerResultsCount","Label":"InnerResultsCount","Category":"","Description":"","Attributes":1,"ValueType":"System.Int32"},"Value":0}]},{"TestCase":{"Id":"78ced88f-5390-3635-24c7-df91272dfd50","FullyQualifiedName":"P7CreateRestApi.Tests.BidListControllerTests.CreateBid_ShouldLogWarning_WhenModelStateIsInvalid","DisplayName":"CreateBid_ShouldLogWarning_WhenModelStateIsInvalid","ExecutorUri":"executor://MSTestAdapter/v2","Source":"C:\\Users\\gurdi\\source\\repos\\Back-end.NET_API_REST\\P7CreateRestApi.Tests\\bin\\Debug\\net6.0\\fine-code-coverage\\build-output\\P7CreateRestApi.Tests.dll","CodeFilePath":null,"LineNumber":-1,"Properties":[{"Key":{"Id":"TestCase.ManagedType","Label":"ManagedType","Category":"","Description":"","Attributes":1,"ValueType":"System.String"},"Value":"P7CreateRestApi.Tests.BidListControllerTests"},{"Key":{"Id":"TestCase.ManagedMethod","Label":"ManagedMethod","Category":"","Description":"","Attributes":1,"ValueType":"System.String"},"Value":"CreateBid_ShouldLogWarning_WhenModelStateIsInvalid"},{"Key":{"Id":"MSTestDiscoverer.TestClassName","Label":"ClassName","Category":"","Description":"","Attributes":1,"ValueType":"System.String"},"Value":"P7CreateRestApi.Tests.BidListControllerTests"},{"Key":{"Id":"TestCase.Hierarchy","Label":"Hierarchy","Category":"","Description":"","Attributes":2,"ValueType":"System.String[]"},"Value":["P7CreateRestApi.Tests","BidListControllerTests"]},{"Key":{"Id":"TestObject.Traits","Label":"Caractéristiques","Category":"","Description":"","Attributes":5,"ValueType":"System.Collections.Generic.KeyValuePair`2[[System.String],[System.String]][]"},"Value":[]}]},"Attachments":[],"Outcome":1,"ErrorMessage":null,"ErrorStackTrace":null,"DisplayName":"CreateBid_ShouldLogWarning_WhenModelStateIsInvalid","Messages":[],"ComputerName":null,"Duration":"00:00:00.0022763","StartTime":"2024-11-05T13:47:31.4798685+01:00","EndTime":"2024-11-05T13:47:31.4824155+01:00","Properties":[{"Key":{"Id":"ExecutionId","Label":"ExecutionId","Category":"","Description":"","Attributes":1,"ValueType":"System.Guid"},"Value":"00000000-0000-0000-0000-000000000000"},{"Key":{"Id":"ParentExecId","Label":"ParentExecId","Category":"","Description":"","Attributes":1,"ValueType":"System.Guid"},"Value":"00000000-0000-0000-0000-000000000000"},{"Key":{"Id":"InnerResultsCount","Label":"InnerResultsCount","Category":"","Description":"","Attributes":1,"ValueType":"System.Int32"},"Value":0}]},{"TestCase":{"Id":"d5471b78-5c8c-25f1-a4b4-de4c2ecdbcdf","FullyQualifiedName":"P7CreateRestApi.Tests.BidListControllerTests.UpdateBid_ShouldReturnOkResult_WhenBidIsUpdated","DisplayName":"UpdateBid_ShouldReturnOkResult_WhenBidIsUpdated","ExecutorUri":"executor://MSTestAdapter/v2","Source":"C:\\Users\\gurdi\\source\\repos\\Back-end.NET_API_REST\\P7CreateRestApi.Tests\\bin\\Debug\\net6.0\\fine-code-coverage\\build-output\\P7CreateRestApi.Tests.dll","CodeFilePath":null,"LineNumber":-1,"Properties":[{"Key":{"Id":"TestCase.ManagedType","Label":"ManagedType","Category":"","Description":"","Attributes":1,"ValueType":"System.String"},"Value":"P7CreateRestApi.Tests.BidListControllerTests"},{"Key":{"Id":"TestCase.ManagedMethod","Label":"ManagedMethod","Category":"","Description":"","Attributes":1,"ValueType":"System.String"},"Value":"UpdateBid_ShouldReturnOkResult_WhenBidIsUpdated"},{"Key":{"Id":"MSTestDiscoverer.TestClassName","Label":"ClassName","Category":"","Description":"","Attributes":1,"ValueType":"System.String"},"Value":"P7CreateRestApi.Tests.BidListControllerTests"},{"Key":{"Id":"TestCase.Hierarchy","Label":"Hierarchy","Category":"","Description":"","Attributes":2,"ValueType":"System.String[]"},"Value":["P7CreateRestApi.Tests","BidListControllerTests"]},{"Key":{"Id":"TestObject.Traits","Label":"Caractéristiques","Category":"","Description":"","Attributes":5,"ValueType":"System.Collections.Generic.KeyValuePair`2[[System.String],[System.String]][]"},"Value":[]}]},"Attachments":[],"Outcome":1,"ErrorMessage":null,"ErrorStackTrace":null,"DisplayName":"UpdateBid_ShouldReturnOkResult_WhenBidIsUpdated","Messages":[],"ComputerName":null,"Duration":"00:00:00.0052111","StartTime":"2024-11-05T13:47:31.4846234+01:00","EndTime":"2024-11-05T13:47:31.49005+01:00","Properties":[{"Key":{"Id":"ExecutionId","Label":"ExecutionId","Category":"","Description":"","Attributes":1,"ValueType":"System.Guid"},"Value":"00000000-0000-0000-0000-000000000000"},{"Key":{"Id":"ParentExecId","Label":"ParentExecId","Category":"","Description":"","Attributes":1,"ValueType":"System.Guid"},"Value":"00000000-0000-0000-0000-000000000000"},{"Key":{"Id":"InnerResultsCount","Label":"InnerResultsCount","Category":"","Description":"","Attributes":1,"ValueType":"System.Int32"},"Value":0}]},{"TestCase":{"Id":"6d522650-c403-1cb7-b017-31e67300c4c3","FullyQualifiedName":"P7CreateRestApi.Tests.BidListControllerTests.UpdateBid_ShouldReturnNotFound_WhenBidDoesNotExist","DisplayName":"UpdateBid_ShouldReturnNotFound_WhenBidDoesNotExist","ExecutorUri":"executor://MSTestAdapter/v2","Source":"C:\\Users\\gurdi\\source\\repos\\Back-end.NET_API_REST\\P7CreateRestApi.Tests\\bin\\Debug\\net6.0\\fine-code-coverage\\build-output\\P7CreateRestApi.Tests.dll","CodeFilePath":null,"LineNumber":-1,"Properties":[{"Key":{"Id":"TestCase.ManagedType","Label":"ManagedType","Category":"","Description":"","Attributes":1,"ValueType":"System.String"},"Value":"P7CreateRestApi.Tests.BidListControllerTests"},{"Key":{"Id":"TestCase.ManagedMethod","Label":"ManagedMethod","Category":"","Description":"","Attributes":1,"ValueType":"System.String"},"Value":"UpdateBid_ShouldReturnNotFound_WhenBidDoesNotExist"},{"Key":{"Id":"MSTestDiscoverer.TestClassName","Label":"ClassName","Category":"","Description":"","Attributes":1,"ValueType":"System.String"},"Value":"P7CreateRestApi.Tests.BidListControllerTests"},{"Key":{"Id":"TestCase.Hierarchy","Label":"Hierarchy","Category":"","Description":"","Attributes":2,"ValueType":"System.String[]"},"Value":["P7CreateRestApi.Tests","BidListControllerTests"]},{"Key":{"Id":"TestObject.Traits","Label":"Caractéristiques","Category":"","Description":"","Attributes":5,"ValueType":"System.Collections.Generic.KeyValuePair`2[[System.String],[System.String]][]"},"Value":[]}]},"Attachments":[],"Outcome":1,"ErrorMessage":null,"ErrorStackTrace":null,"DisplayName":"UpdateBid_ShouldReturnNotFound_WhenBidDoesNotExist","Messages":[],"ComputerName":null,"Duration":"00:00:00.0009444","StartTime":"2024-11-05T13:47:31.4923773+01:00","EndTime":"2024-11-05T13:47:31.4934855+01:00","Properties":[{"Key":{"Id":"ExecutionId","Label":"ExecutionId","Category":"","Description":"","Attributes":1,"ValueType":"System.Guid"},"Value":"00000000-0000-0000-0000-000000000000"},{"Key":{"Id":"ParentExecId","Label":"ParentExecId","Category":"","Description":"","Attributes":1,"ValueType":"System.Guid"},"Value":"00000000-0000-0000-0000-000000000000"},{"Key":{"Id":"InnerResultsCount","Label":"InnerResultsCount","Category":"","Description":"","Attributes":1,"ValueType":"System.Int32"},"Value":0}]},{"TestCase":{"Id":"2adf4968-bba7-599b-1219-b45d2236ef3e","FullyQualifiedName":"P7CreateRestApi.Tests.BidListControllerTests.DeleteBid_BidExists_ShouldReturnNoContent","DisplayName":"DeleteBid_BidExists_ShouldReturnNoContent","ExecutorUri":"executor://MSTestAdapter/v2","Source":"C:\\Users\\gurdi\\source\\repos\\Back-end.NET_API_REST\\P7CreateRestApi.Tests\\bin\\Debug\\net6.0\\fine-code-coverage\\build-output\\P7CreateRestApi.Tests.dll","CodeFilePath":null,"LineNumber":-1,"Properties":[{"Key":{"Id":"TestCase.ManagedType","Label":"ManagedType","Category":"","Description":"","Attributes":1,"ValueType":"System.String"},"Value":"P7CreateRestApi.Tests.BidListControllerTests"},{"Key":{"Id":"TestCase.ManagedMethod","Label":"ManagedMethod","Category":"","Description":"","Attributes":1,"ValueType":"System.String"},"Value":"DeleteBid_BidExists_ShouldReturnNoContent"},{"Key":{"Id":"MSTestDiscoverer.TestClassName","Label":"ClassName","Category":"","Description":"","Attributes":1,"ValueType":"System.String"},"Value":"P7CreateRestApi.Tests.BidListControllerTests"},{"Key":{"Id":"TestCase.Hierarchy","Label":"Hierarchy","Category":"","Description":"","Attributes":2,"ValueType":"System.String[]"},"Value":["P7CreateRestApi.Tests","BidListControllerTests"]},{"Key":{"Id":"TestObject.Traits","Label":"Caractéristiques","Category":"","Description":"","Attributes":5,"ValueType":"System.Collections.Generic.KeyValuePair`2[[System.String],[System.String]][]"},"Value":[]}]},"Attachments":[],"Outcome":1,"ErrorMessage":null,"ErrorStackTrace":null,"DisplayName":"DeleteBid_BidExists_ShouldReturnNoContent","Messages":[],"ComputerName":null,"Duration":"00:00:00.0023780","StartTime":"2024-11-05T13:47:31.4954933+01:00","EndTime":"2024-11-05T13:47:31.4980338+01:00","Properties":[{"Key":{"Id":"ExecutionId","Label":"ExecutionId","Category":"","Description":"","Attributes":1,"ValueType":"System.Guid"},"Value":"00000000-0000-0000-0000-000000000000"},{"Key":{"Id":"ParentExecId","Label":"ParentExecId","Category":"","Description":"","Attributes":1,"ValueType":"System.Guid"},"Value":"00000000-0000-0000-0000-000000000000"},{"Key":{"Id":"InnerResultsCount","Label":"InnerResultsCount","Category":"","Description":"","Attributes":1,"ValueType":"System.Int32"},"Value":0}]},{"TestCase":{"Id":"3d8a05ec-a175-5eed-9a28-144a52fded96","FullyQualifiedName":"P7CreateRestApi.Tests.BidListControllerTests.DeleteBid_ShouldLogWarning_WhenBidNotFound","DisplayName":"DeleteBid_ShouldLogWarning_WhenBidNotFound","ExecutorUri":"executor://MSTestAdapter/v2","Source":"C:\\Users\\gurdi\\source\\repos\\Back-end.NET_API_REST\\P7CreateRestApi.Tests\\bin\\Debug\\net6.0\\fine-code-coverage\\build-output\\P7CreateRestApi.Tests.dll","CodeFilePath":null,"LineNumber":-1,"Properties":[{"Key":{"Id":"TestCase.ManagedType","Label":"ManagedType","Category":"","Description":"","Attributes":1,"ValueType":"System.String"},"Value":"P7CreateRestApi.Tests.BidListControllerTests"},{"Key":{"Id":"TestCase.ManagedMethod","Label":"ManagedMethod","Category":"","Description":"","Attributes":1,"ValueType":"System.String"},"Value":"DeleteBid_ShouldLogWarning_WhenBidNotFound"},{"Key":{"Id":"MSTestDiscoverer.TestClassName","Label":"ClassName","Category":"","Description":"","Attributes":1,"ValueType":"System.String"},"Value":"P7CreateRestApi.Tests.BidListControllerTests"},{"Key":{"Id":"TestCase.Hierarchy","Label":"Hierarchy","Category":"","Description":"","Attributes":2,"ValueType":"System.String[]"},"Value":["P7CreateRestApi.Tests","BidListControllerTests"]},{"Key":{"Id":"TestObject.Traits","Label":"Caractéristiques","Category":"","Description":"","Attributes":5,"ValueType":"System.Collections.Generic.KeyValuePair`2[[System.String],[System.String]][]"},"Value":[]}]},"Attachments":[],"Outcome":1,"ErrorMessage":null,"ErrorStackTrace":null,"DisplayName":"DeleteBid_ShouldLogWarning_WhenBidNotFound","Messages":[],"ComputerName":null,"Duration":"00:00:00.0015259","StartTime":"2024-11-05T13:47:31.4997946+01:00","EndTime":"2024-11-05T13:47:31.5015801+01:00","Properties":[{"Key":{"Id":"ExecutionId","Label":"ExecutionId","Category":"","Description":"","Attributes":1,"ValueType":"System.Guid"},"Value":"00000000-0000-0000-0000-000000000000"},{"Key":{"Id":"ParentExecId","Label":"ParentExecId","Category":"","Description":"","Attributes":1,"ValueType":"System.Guid"},"Value":"00000000-0000-0000-0000-000000000000"},{"Key":{"Id":"InnerResultsCount","Label":"InnerResultsCount","Category":"","Description":"","Attributes":1,"ValueType":"System.Int32"},"Value":0}]},{"TestCase":{"Id":"e3662847-bf50-1fca-fdd3-3adc0ba20d8b","FullyQualifiedName":"P7CreateRestApi.Tests.RuleNameControllerTests.GetAllRuleNames_ShouldReturnOkResult_WithListOfRuleNames","DisplayName":"GetAllRuleNames_ShouldReturnOkResult_WithListOfRuleNames","ExecutorUri":"executor://MSTestAdapter/v2","Source":"C:\\Users\\gurdi\\source\\repos\\Back-end.NET_API_REST\\P7CreateRestApi.Tests\\bin\\Debug\\net6.0\\fine-code-coverage\\build-output\\P7CreateRestApi.Tests.dll","CodeFilePath":null,"LineNumber":-1,"Properties":[{"Key":{"Id":"TestCase.ManagedType","Label":"ManagedType","Category":"","Description":"","Attributes":1,"ValueType":"System.String"},"Value":"P7CreateRestApi.Tests.RuleNameControllerTests"},{"Key":{"Id":"TestCase.ManagedMethod","Label":"ManagedMethod","Category":"","Description":"","Attributes":1,"ValueType":"System.String"},"Value":"GetAllRuleNames_ShouldReturnOkResult_WithListOfRuleNames"},{"Key":{"Id":"MSTestDiscoverer.TestClassName","Label":"ClassName","Category":"","Description":"","Attributes":1,"ValueType":"System.String"},"Value":"P7CreateRestApi.Tests.RuleNameControllerTests"},{"Key":{"Id":"TestCase.Hierarchy","Label":"Hierarchy","Category":"","Description":"","Attributes":2,"ValueType":"System.String[]"},"Value":["P7CreateRestApi.Tests","RuleNameControllerTests"]},{"Key":{"Id":"TestObject.Traits","Label":"Caractéristiques","Category":"","Description":"","Attributes":5,"ValueType":"System.Collections.Generic.KeyValuePair`2[[System.String],[System.String]][]"},"Value":[]}]},"Attachments":[],"Outcome":1,"ErrorMessage":null,"ErrorStackTrace":null,"DisplayName":"GetAllRuleNames_ShouldReturnOkResult_WithListOfRuleNames","Messages":[],"ComputerName":null,"Duration":"00:00:00.0089488","StartTime":"2024-11-05T13:47:31.5035612+01:00","EndTime":"2024-11-05T13:47:31.5131393+01:00","Properties":[{"Key":{"Id":"ExecutionId","Label":"ExecutionId","Category":"","Description":"","Attributes":1,"ValueType":"System.Guid"},"Value":"00000000-0000-0000-0000-000000000000"},{"Key":{"Id":"ParentExecId","Label":"ParentExecId","Category":"","Description":"","Attributes":1,"ValueType":"System.Guid"},"Value":"00000000-0000-0000-0000-000000000000"},{"Key":{"Id":"InnerResultsCount","Label":"InnerResultsCount","Category":"","Description":"","Attributes":1,"ValueType":"System.Int32"},"Value":0}]}],"TestRunStatistics":{"ExecutedTests":9,"Stats":{"Passed":9}},"ActiveTests":[{"Id":"56dad268-85dd-eac7-f0d7-6a5fceefec67","FullyQualifiedName":"P7CreateRestApi.Tests.RuleNameControllerTests.GetAllRuleNames_ShouldLogWarning_WhenNoRuleNamesFound","DisplayName":"GetAllRuleNames_ShouldLogWarning_WhenNoRuleNamesFound","ExecutorUri":"executor://MSTestAdapter/v2","Source":"C:\\Users\\gurdi\\source\\repos\\Back-end.NET_API_REST\\P7CreateRestApi.Tests\\bin\\Debug\\net6.0\\fine-code-coverage\\build-output\\P7CreateRestApi.Tests.dll","CodeFilePath":null,"LineNumber":-1,"Properties":[{"Key":{"Id":"TestCase.ManagedType","Label":"ManagedType","Category":"","Description":"","Attributes":1,"ValueType":"System.String"},"Value":"P7CreateRestApi.Tests.RuleNameControllerTests"},{"Key":{"Id":"TestCase.ManagedMethod","Label":"ManagedMethod","Category":"","Description":"","Attributes":1,"ValueType":"System.String"},"Value":"GetAllRuleNames_ShouldLogWarning_WhenNoRuleNamesFound"},{"Key":{"Id":"MSTestDiscoverer.TestClassName","Label":"ClassName","Category":"","Description":"","Attributes":1,"ValueType":"System.String"},"Value":"P7CreateRestApi.Tests.RuleNameControllerTests"},{"Key":{"Id":"TestCase.Hierarchy","Label":"Hierarchy","Category":"","Description":"","Attributes":2,"ValueType":"System.String[]"},"Value":["P7CreateRestApi.Tests","RuleNameControllerTests"]},{"Key":{"Id":"TestObject.Traits","Label":"Caractéristiques","Category":"","Description":"","Attributes":5,"ValueType":"System.Collections.Generic.KeyValuePair`2[[System.String],[System.String]][]"},"Value":[]}]}]}}
TpTrace Verbose: 0 : 72680, 7, 2024/11/05, 13:47:31.577, 16265814250397, vstest.console.dll, TestRunRequest:SendTestRunStatsChange: Starting.
TpTrace Verbose: 0 : 72680, 7, 2024/11/05, 13:47:31.577, 16265814251515, vstest.console.dll, InProgress is GetAllRuleNames_ShouldLogWarning_WhenNoRuleNamesFound
TpTrace Verbose: 0 : 72680, 7, 2024/11/05, 13:47:31.577, 16265814252808, vstest.console.dll, MulticastDelegateUtilities.SafeInvoke: TestRun.RunStatsChanged: Invoking callbacks was skipped because there are no subscribers.
TpTrace Information: 0 : 72680, 7, 2024/11/05, 13:47:31.577, 16265814253162, vstest.console.dll, TestRunRequest:SendTestRunStatsChange: Completed.
TpTrace Verbose: 0 : 72680, 7, 2024/11/05, 13:47:31.577, 16265814253361, vstest.console.dll, MulticastDelegateUtilities.SafeInvoke: LengthPrefixCommunicationChannel: MessageReceived: Invoking callback 1/1 for Microsoft.VisualStudio.TestPlatform.CommunicationUtilities.TestRequestSender+<>c__DisplayClass34_0., took 41 ms.
TpTrace Verbose: 0 : 72680, 7, 2024/11/05, 13:47:31.577, 16265814253580, vstest.console.dll, TcpClientExtensions.MessageLoopAsync: Polling on remoteEndPoint: 127.0.0.1:50804 localEndPoint: 127.0.0.1:50803 after 480 ms
TpTrace Verbose: 0 : 72680, 4, 2024/11/05, 13:47:31.578, 16265814266201, vstest.console.dll, MulticastDelegateUtilities.SafeInvoke: InternalTestLoggerEvents.SendTestResult: Invoking callback 1/1 for Microsoft.VisualStudio.TestPlatform.CommandLine.Internal.ConsoleLogger., took 1 ms.
TpTrace Verbose: 0 : 72680, 4, 2024/11/05, 13:47:31.579, 16265814268486, vstest.console.dll, MulticastDelegateUtilities.SafeInvoke: InternalTestLoggerEvents.SendTestResult: Invoking callback 1/1 for Microsoft.VisualStudio.TestPlatform.CommandLine.Internal.ConsoleLogger., took 0 ms.
TpTrace Verbose: 0 : 72680, 4, 2024/11/05, 13:47:31.579, 16265814269057, vstest.console.dll, MulticastDelegateUtilities.SafeInvoke: InternalTestLoggerEvents.SendTestResult: Invoking callback 1/1 for Microsoft.VisualStudio.TestPlatform.CommandLine.Internal.ConsoleLogger., took 0 ms.
TpTrace Verbose: 0 : 72680, 4, 2024/11/05, 13:47:31.579, 16265814269279, vstest.console.dll, MulticastDelegateUtilities.SafeInvoke: InternalTestLoggerEvents.SendTestResult: Invoking callback 1/1 for Microsoft.VisualStudio.TestPlatform.CommandLine.Internal.ConsoleLogger., took 0 ms.
TpTrace Verbose: 0 : 72680, 4, 2024/11/05, 13:47:31.579, 16265814269470, vstest.console.dll, MulticastDelegateUtilities.SafeInvoke: InternalTestLoggerEvents.SendTestResult: Invoking callback 1/1 for Microsoft.VisualStudio.TestPlatform.CommandLine.Internal.ConsoleLogger., took 0 ms.
TpTrace Verbose: 0 : 72680, 4, 2024/11/05, 13:47:31.579, 16265814269693, vstest.console.dll, MulticastDelegateUtilities.SafeInvoke: InternalTestLoggerEvents.SendTestResult: Invoking callback 1/1 for Microsoft.VisualStudio.TestPlatform.CommandLine.Internal.ConsoleLogger., took 0 ms.
TpTrace Verbose: 0 : 72680, 4, 2024/11/05, 13:47:31.579, 16265814269897, vstest.console.dll, MulticastDelegateUtilities.SafeInvoke: InternalTestLoggerEvents.SendTestResult: Invoking callback 1/1 for Microsoft.VisualStudio.TestPlatform.CommandLine.Internal.ConsoleLogger., took 0 ms.
TpTrace Verbose: 0 : 72680, 4, 2024/11/05, 13:47:31.579, 16265814271069, vstest.console.dll, MulticastDelegateUtilities.SafeInvoke: InternalTestLoggerEvents.SendTestResult: Invoking callback 1/1 for Microsoft.VisualStudio.TestPlatform.CommandLine.Internal.ConsoleLogger., took 0 ms.
TpTrace Verbose: 0 : 72680, 4, 2024/11/05, 13:47:31.579, 16265814271487, vstest.console.dll, MulticastDelegateUtilities.SafeInvoke: InternalTestLoggerEvents.SendTestResult: Invoking callback 1/1 for Microsoft.VisualStudio.TestPlatform.CommandLine.Internal.ConsoleLogger., took 0 ms.
TpTrace Verbose: 0 : 72680, 7, 2024/11/05, 13:47:31.593, 16265814409667, vstest.console.dll, TcpClientExtensions.MessageLoopAsync: NotifyDataAvailable remoteEndPoint: 127.0.0.1:50804 localEndPoint: 127.0.0.1:50803
TpTrace Verbose: 0 : 72680, 7, 2024/11/05, 13:47:31.599, 16265814468713, vstest.console.dll, TestRequestSender.OnExecutionMessageReceived: Received message: {"Version":7,"MessageType":"TestExecution.Completed","Payload":{"TestRunCompleteArgs":{"TestRunStatistics":{"ExecutedTests":16,"Stats":{"Passed":16}},"IsCanceled":false,"IsAborted":false,"Error":null,"AttachmentSets":[],"InvokedDataCollectors":[],"ElapsedTimeInRunningTests":"00:00:00.3710609","Metrics":{},"DiscoveredExtensions":{"TestDiscoverers":["Microsoft.VisualStudio.TestPlatform.MSTest.TestAdapter.MSTestDiscoverer, Microsoft.VisualStudio.TestPlatform.MSTest.TestAdapter, Version=14.0.0.0, Culture=neutral, PublicKeyToken=b03f5f7f11d50a3a"],"TestExecutors":["executor://MSTestAdapter/v2"],"TestExecutors2":[],"TestSettingsProviders":[]}},"LastRunTests":{"NewTestResults":[{"TestCase":{"Id":"56dad268-85dd-eac7-f0d7-6a5fceefec67","FullyQualifiedName":"P7CreateRestApi.Tests.RuleNameControllerTests.GetAllRuleNames_ShouldLogWarning_WhenNoRuleNamesFound","DisplayName":"GetAllRuleNames_ShouldLogWarning_WhenNoRuleNamesFound","ExecutorUri":"executor://MSTestAdapter/v2","Source":"C:\\Users\\gurdi\\source\\repos\\Back-end.NET_API_REST\\P7CreateRestApi.Tests\\bin\\Debug\\net6.0\\fine-code-coverage\\build-output\\P7CreateRestApi.Tests.dll","CodeFilePath":null,"LineNumber":-1,"Properties":[{"Key":{"Id":"TestCase.ManagedType","Label":"ManagedType","Category":"","Description":"","Attributes":1,"ValueType":"System.String"},"Value":"P7CreateRestApi.Tests.RuleNameControllerTests"},{"Key":{"Id":"TestCase.ManagedMethod","Label":"ManagedMethod","Category":"","Description":"","Attributes":1,"ValueType":"System.String"},"Value":"GetAllRuleNames_ShouldLogWarning_WhenNoRuleNamesFound"},{"Key":{"Id":"MSTestDiscoverer.TestClassName","Label":"ClassName","Category":"","Description":"","Attributes":1,"ValueType":"System.String"},"Value":"P7CreateRestApi.Tests.RuleNameControllerTests"},{"Key":{"Id":"TestCase.Hierarchy","Label":"Hierarchy","Category":"","Description":"","Attributes":2,"ValueType":"System.String[]"},"Value":["P7CreateRestApi.Tests","RuleNameControllerTests"]},{"Key":{"Id":"TestObject.Traits","Label":"Caractéristiques","Category":"","Description":"","Attributes":5,"ValueType":"System.Collections.Generic.KeyValuePair`2[[System.String],[System.String]][]"},"Value":[]}]},"Attachments":[],"Outcome":1,"ErrorMessage":null,"ErrorStackTrace":null,"DisplayName":"GetAllRuleNames_ShouldLogWarning_WhenNoRuleNamesFound","Messages":[],"ComputerName":null,"Duration":"00:00:00.0014206","StartTime":"2024-11-05T13:47:31.5377452+01:00","EndTime":"2024-11-05T13:47:31.539395+01:00","Properties":[{"Key":{"Id":"ExecutionId","Label":"ExecutionId","Category":"","Description":"","Attributes":1,"ValueType":"System.Guid"},"Value":"00000000-0000-0000-0000-000000000000"},{"Key":{"Id":"ParentExecId","Label":"ParentExecId","Category":"","Description":"","Attributes":1,"ValueType":"System.Guid"},"Value":"00000000-0000-0000-0000-000000000000"},{"Key":{"Id":"InnerResultsCount","Label":"InnerResultsCount","Category":"","Description":"","Attributes":1,"ValueType":"System.Int32"},"Value":0}]},{"TestCase":{"Id":"c553a92c-6094-fa5d-e788-530cdfbd91d4","FullyQualifiedName":"P7CreateRestApi.Tests.RuleNameControllerTests.AddRuleName_ShouldReturnCreatedAtAction_WhenRuleNameIsAdded","DisplayName":"AddRuleName_ShouldReturnCreatedAtAction_WhenRuleNameIsAdded","ExecutorUri":"executor://MSTestAdapter/v2","Source":"C:\\Users\\gurdi\\source\\repos\\Back-end.NET_API_REST\\P7CreateRestApi.Tests\\bin\\Debug\\net6.0\\fine-code-coverage\\build-output\\P7CreateRestApi.Tests.dll","CodeFilePath":null,"LineNumber":-1,"Properties":[{"Key":{"Id":"TestCase.ManagedType","Label":"ManagedType","Category":"","Description":"","Attributes":1,"ValueType":"System.String"},"Value":"P7CreateRestApi.Tests.RuleNameControllerTests"},{"Key":{"Id":"TestCase.ManagedMethod","Label":"ManagedMethod","Category":"","Description":"","Attributes":1,"ValueType":"System.String"},"Value":"AddRuleName_ShouldReturnCreatedAtAction_WhenRuleNameIsAdded"},{"Key":{"Id":"MSTestDiscoverer.TestClassName","Label":"ClassName","Category":"","Description":"","Attributes":1,"ValueType":"System.String"},"Value":"P7CreateRestApi.Tests.RuleNameControllerTests"},{"Key":{"Id":"TestCase.Hierarchy","Label":"Hierarchy","Category":"","Description":"","Attributes":2,"ValueType":"System.String[]"},"Value":["P7CreateRestApi.Tests","RuleNameControllerTests"]},{"Key":{"Id":"TestObject.Traits","Label":"Caractéristiques","Category":"","Description":"","Attributes":5,"ValueType":"System.Collections.Generic.KeyValuePair`2[[System.String],[System.String]][]"},"Value":[]}]},"Attachments":[],"Outcome":1,"ErrorMessage":null,"ErrorStackTrace":null,"DisplayName":"AddRuleName_ShouldReturnCreatedAtAction_WhenRuleNameIsAdded","Messages":[],"ComputerName":null,"Duration":"00:00:00.0032808","StartTime":"2024-11-05T13:47:31.543688+01:00","EndTime":"2024-11-05T13:47:31.5473384+01:00","Properties":[{"Key":{"Id":"ExecutionId","Label":"ExecutionId","Category":"","Description":"","Attributes":1,"ValueType":"System.Guid"},"Value":"00000000-0000-0000-0000-000000000000"},{"Key":{"Id":"ParentExecId","Label":"ParentExecId","Category":"","Description":"","Attributes":1,"ValueType":"System.Guid"},"Value":"00000000-0000-0000-0000-000000000000"},{"Key":{"Id":"InnerResultsCount","Label":"InnerResultsCount","Category":"","Description":"","Attributes":1,"ValueType":"System.Int32"},"Value":0}]},{"TestCase":{"Id":"8e7cb2bf-8e32-7f40-733a-83728ef45c2e","FullyQualifiedName":"P7CreateRestApi.Tests.RuleNameControllerTests.AddRuleName_ShouldLogWarning_WhenModelStateIsInvalid","DisplayName":"AddRuleName_ShouldLogWarning_WhenModelStateIsInvalid","ExecutorUri":"executor://MSTestAdapter/v2","Source":"C:\\Users\\gurdi\\source\\repos\\Back-end.NET_API_REST\\P7CreateRestApi.Tests\\bin\\Debug\\net6.0\\fine-code-coverage\\build-output\\P7CreateRestApi.Tests.dll","CodeFilePath":null,"LineNumber":-1,"Properties":[{"Key":{"Id":"TestCase.ManagedType","Label":"ManagedType","Category":"","Description":"","Attributes":1,"ValueType":"System.String"},"Value":"P7CreateRestApi.Tests.RuleNameControllerTests"},{"Key":{"Id":"TestCase.ManagedMethod","Label":"ManagedMethod","Category":"","Description":"","Attributes":1,"ValueType":"System.String"},"Value":"AddRuleName_ShouldLogWarning_WhenModelStateIsInvalid"},{"Key":{"Id":"MSTestDiscoverer.TestClassName","Label":"ClassName","Category":"","Description":"","Attributes":1,"ValueType":"System.String"},"Value":"P7CreateRestApi.Tests.RuleNameControllerTests"},{"Key":{"Id":"TestCase.Hierarchy","Label":"Hierarchy","Category":"","Description":"","Attributes":2,"ValueType":"System.String[]"},"Value":["P7CreateRestApi.Tests","RuleNameControllerTests"]},{"Key":{"Id":"TestObject.Traits","Label":"Caractéristiques","Category":"","Description":"","Attributes":5,"ValueType":"System.Collections.Generic.KeyValuePair`2[[System.String],[System.String]][]"},"Value":[]}]},"Attachments":[],"Outcome":1,"ErrorMessage":null,"ErrorStackTrace":null,"DisplayName":"AddRuleName_ShouldLogWarning_WhenModelStateIsInvalid","Messages":[],"ComputerName":null,"Duration":"00:00:00.0015653","StartTime":"2024-11-05T13:47:31.5503229+01:00","EndTime":"2024-11-05T13:47:31.5521318+01:00","Properties":[{"Key":{"Id":"ExecutionId","Label":"ExecutionId","Category":"","Description":"","Attributes":1,"ValueType":"System.Guid"},"Value":"00000000-0000-0000-0000-000000000000"},{"Key":{"Id":"ParentExecId","Label":"ParentExecId","Category":"","Description":"","Attributes":1,"ValueType":"System.Guid"},"Value":"00000000-0000-0000-0000-000000000000"},{"Key":{"Id":"InnerResultsCount","Label":"InnerResultsCount","Category":"","Description":"","Attributes":1,"ValueType":"System.Int32"},"Value":0}]},{"TestCase":{"Id":"36176bec-0a6e-f149-59bb-c298012fa24f","FullyQualifiedName":"P7CreateRestApi.Tests.RuleNameControllerTests.UpdateRuleName_ShouldReturnOkResult_WhenRuleNameIsUpdated","DisplayName":"UpdateRuleName_ShouldReturnOkResult_WhenRuleNameIsUpdated","ExecutorUri":"executor://MSTestAdapter/v2","Source":"C:\\Users\\gurdi\\source\\repos\\Back-end.NET_API_REST\\P7CreateRestApi.Tests\\bin\\Debug\\net6.0\\fine-code-coverage\\build-output\\P7CreateRestApi.Tests.dll","CodeFilePath":null,"LineNumber":-1,"Properties":[{"Key":{"Id":"TestCase.ManagedType","Label":"ManagedType","Category":"","Description":"","Attributes":1,"ValueType":"System.String"},"Value":"P7CreateRestApi.Tests.RuleNameControllerTests"},{"Key":{"Id":"TestCase.ManagedMethod","Label":"ManagedMethod","Category":"","Description":"","Attributes":1,"ValueType":"System.String"},"Value":"UpdateRuleName_ShouldReturnOkResult_WhenRuleNameIsUpdated"},{"Key":{"Id":"MSTestDiscoverer.TestClassName","Label":"ClassName","Category":"","Description":"","Attributes":1,"ValueType":"System.String"},"Value":"P7CreateRestApi.Tests.RuleNameControllerTests"},{"Key":{"Id":"TestCase.Hierarchy","Label":"Hierarchy","Category":"","Description":"","Attributes":2,"ValueType":"System.String[]"},"Value":["P7CreateRestApi.Tests","RuleNameControllerTests"]},{"Key":{"Id":"TestObject.Traits","Label":"Caractéristiques","Category":"","Description":"","Attributes":5,"ValueType":"System.Collections.Generic.KeyValuePair`2[[System.String],[System.String]][]"},"Value":[]}]},"Attachments":[],"Outcome":1,"ErrorMessage":null,"ErrorStackTrace":null,"DisplayName":"UpdateRuleName_ShouldReturnOkResult_WhenRuleNameIsUpdated","Messages":[],"ComputerName":null,"Duration":"00:00:00.0038029","StartTime":"2024-11-05T13:47:31.5551075+01:00","EndTime":"2024-11-05T13:47:31.5591522+01:00","Properties":[{"Key":{"Id":"ExecutionId","Label":"ExecutionId","Category":"","Description":"","Attributes":1,"ValueType":"System.Guid"},"Value":"00000000-0000-0000-0000-000000000000"},{"Key":{"Id":"ParentExecId","Label":"ParentExecId","Category":"","Description":"","Attributes":1,"ValueType":"System.Guid"},"Value":"00000000-0000-0000-0000-000000000000"},{"Key":{"Id":"InnerResultsCount","Label":"InnerResultsCount","Category":"","Description":"","Attributes":1,"ValueType":"System.Int32"},"Value":0}]},{"TestCase":{"Id":"01f0b6fe-bfbd-5ad8-2224-f4324ef16c4c","FullyQualifiedName":"P7CreateRestApi.Tests.RuleNameControllerTests.UpdateRuleName_ShouldReturnNotFound_WhenRuleNameDoesNotExist","DisplayName":"UpdateRuleName_ShouldReturnNotFound_WhenRuleNameDoesNotExist","ExecutorUri":"executor://MSTestAdapter/v2","Source":"C:\\Users\\gurdi\\source\\repos\\Back-end.NET_API_REST\\P7CreateRestApi.Tests\\bin\\Debug\\net6.0\\fine-code-coverage\\build-output\\P7CreateRestApi.Tests.dll","CodeFilePath":null,"LineNumber":-1,"Properties":[{"Key":{"Id":"TestCase.ManagedType","Label":"ManagedType","Category":"","Description":"","Attributes":1,"ValueType":"System.String"},"Value":"P7CreateRestApi.Tests.RuleNameControllerTests"},{"Key":{"Id":"TestCase.ManagedMethod","Label":"ManagedMethod","Category":"","Description":"","Attributes":1,"ValueType":"System.String"},"Value":"UpdateRuleName_ShouldReturnNotFound_WhenRuleNameDoesNotExist"},{"Key":{"Id":"MSTestDiscoverer.TestClassName","Label":"ClassName","Category":"","Description":"","Attributes":1,"ValueType":"System.String"},"Value":"P7CreateRestApi.Tests.RuleNameControllerTests"},{"Key":{"Id":"TestCase.Hierarchy","Label":"Hierarchy","Category":"","Description":"","Attributes":2,"ValueType":"System.String[]"},"Value":["P7CreateRestApi.Tests","RuleNameControllerTests"]},{"Key":{"Id":"TestObject.Traits","Label":"Caractéristiques","Category":"","Description":"","Attributes":5,"ValueType":"System.Collections.Generic.KeyValuePair`2[[System.String],[System.String]][]"},"Value":[]}]},"Attachments":[],"Outcome":1,"ErrorMessage":null,"ErrorStackTrace":null,"DisplayName":"UpdateRuleName_ShouldReturnNotFound_WhenRuleNameDoesNotExist","Messages":[],"ComputerName":null,"Duration":"00:00:00.0018924","StartTime":"2024-11-05T13:47:31.5624271+01:00","EndTime":"2024-11-05T13:47:31.5645904+01:00","Properties":[{"Key":{"Id":"ExecutionId","Label":"ExecutionId","Category":"","Description":"","Attributes":1,"ValueType":"System.Guid"},"Value":"00000000-0000-0000-0000-000000000000"},{"Key":{"Id":"ParentExecId","Label":"ParentExecId","Category":"","Description":"","Attributes":1,"ValueType":"System.Guid"},"Value":"00000000-0000-0000-0000-000000000000"},{"Key":{"Id":"InnerResultsCount","Label":"InnerResultsCount","Category":"","Description":"","Attributes":1,"ValueType":"System.Int32"},"Value":0}]},{"TestCase":{"Id":"2c131c8a-3a44-3c78-c5f6-38a0aed61bd8","FullyQualifiedName":"P7CreateRestApi.Tests.RuleNameControllerTests.DeleteRuleName_ShouldReturnNoContent_WhenRuleNameIsDeleted","DisplayName":"DeleteRuleName_ShouldReturnNoContent_WhenRuleNameIsDeleted","ExecutorUri":"executor://MSTestAdapter/v2","Source":"C:\\Users\\gurdi\\source\\repos\\Back-end.NET_API_REST\\P7CreateRestApi.Tests\\bin\\Debug\\net6.0\\fine-code-coverage\\build-output\\P7CreateRestApi.Tests.dll","CodeFilePath":null,"LineNumber":-1,"Properties":[{"Key":{"Id":"TestCase.ManagedType","Label":"ManagedType","Category":"","Description":"","Attributes":1,"ValueType":"System.String"},"Value":"P7CreateRestApi.Tests.RuleNameControllerTests"},{"Key":{"Id":"TestCase.ManagedMethod","Label":"ManagedMethod","Category":"","Description":"","Attributes":1,"ValueType":"System.String"},"Value":"DeleteRuleName_ShouldReturnNoContent_WhenRuleNameIsDeleted"},{"Key":{"Id":"MSTestDiscoverer.TestClassName","Label":"ClassName","Category":"","Description":"","Attributes":1,"ValueType":"System.String"},"Value":"P7CreateRestApi.Tests.RuleNameControllerTests"},{"Key":{"Id":"TestCase.Hierarchy","Label":"Hierarchy","Category":"","Description":"","Attributes":2,"ValueType":"System.String[]"},"Value":["P7CreateRestApi.Tests","RuleNameControllerTests"]},{"Key":{"Id":"TestObject.Traits","Label":"Caractéristiques","Category":"","Description":"","Attributes":5,"ValueType":"System.Collections.Generic.KeyValuePair`2[[System.String],[System.String]][]"},"Value":[]}]},"Attachments":[],"Outcome":1,"ErrorMessage":null,"ErrorStackTrace":null,"DisplayName":"DeleteRuleName_ShouldReturnNoContent_WhenRuleNameIsDeleted","Messages":[],"ComputerName":null,"Duration":"00:00:00.0030489","StartTime":"2024-11-05T13:47:31.5674431+01:00","EndTime":"2024-11-05T13:47:31.5707629+01:00","Properties":[{"Key":{"Id":"ExecutionId","Label":"ExecutionId","Category":"","Description":"","Attributes":1,"ValueType":"System.Guid"},"Value":"00000000-0000-0000-0000-000000000000"},{"Key":{"Id":"ParentExecId","Label":"ParentExecId","Category":"","Description":"","Attributes":1,"ValueType":"System.Guid"},"Value":"00000000-0000-0000-0000-000000000000"},{"Key":{"Id":"InnerResultsCount","Label":"InnerResultsCount","Category":"","Description":"","Attributes":1,"ValueType":"System.Int32"},"Value":0}]},{"TestCase":{"Id":"12145bfc-fe80-8118-cd27-8111d296aefa","FullyQualifiedName":"P7CreateRestApi.Tests.RuleNameControllerTests.DeleteRuleName_ShouldReturnNotFound_WhenRuleNameDoesNotExist","DisplayName":"DeleteRuleName_ShouldReturnNotFound_WhenRuleNameDoesNotExist","ExecutorUri":"executor://MSTestAdapter/v2","Source":"C:\\Users\\gurdi\\source\\repos\\Back-end.NET_API_REST\\P7CreateRestApi.Tests\\bin\\Debug\\net6.0\\fine-code-coverage\\build-output\\P7CreateRestApi.Tests.dll","CodeFilePath":null,"LineNumber":-1,"Properties":[{"Key":{"Id":"TestCase.ManagedType","Label":"ManagedType","Category":"","Description":"","Attributes":1,"ValueType":"System.String"},"Value":"P7CreateRestApi.Tests.RuleNameControllerTests"},{"Key":{"Id":"TestCase.ManagedMethod","Label":"ManagedMethod","Category":"","Description":"","Attributes":1,"ValueType":"System.String"},"Value":"DeleteRuleName_ShouldReturnNotFound_WhenRuleNameDoesNotExist"},{"Key":{"Id":"MSTestDiscoverer.TestClassName","Label":"ClassName","Category":"","Description":"","Attributes":1,"ValueType":"System.String"},"Value":"P7CreateRestApi.Tests.RuleNameControllerTests"},{"Key":{"Id":"TestCase.Hierarchy","Label":"Hierarchy","Category":"","Description":"","Attributes":2,"ValueType":"System.String[]"},"Value":["P7CreateRestApi.Tests","RuleNameControllerTests"]},{"Key":{"Id":"TestObject.Traits","Label":"Caractéristiques","Category":"","Description":"","Attributes":5,"ValueType":"System.Collections.Generic.KeyValuePair`2[[System.String],[System.String]][]"},"Value":[]}]},"Attachments":[],"Outcome":1,"ErrorMessage":null,"ErrorStackTrace":null,"DisplayName":"DeleteRuleName_ShouldReturnNotFound_WhenRuleNameDoesNotExist","Messages":[],"ComputerName":null,"Duration":"00:00:00.0017567","StartTime":"2024-11-05T13:47:31.5768044+01:00","EndTime":"2024-11-05T13:47:31.5787867+01:00","Properties":[{"Key":{"Id":"ExecutionId","Label":"ExecutionId","Category":"","Description":"","Attributes":1,"ValueType":"System.Guid"},"Value":"00000000-0000-0000-0000-000000000000"},{"Key":{"Id":"ParentExecId","Label":"ParentExecId","Category":"","Description":"","Attributes":1,"ValueType":"System.Guid"},"Value":"00000000-0000-0000-0000-000000000000"},{"Key":{"Id":"InnerResultsCount","Label":"InnerResultsCount","Category":"","Description":"","Attributes":1,"ValueType":"System.Int32"},"Value":0}]}],"TestRunStatistics":{"ExecutedTests":16,"Stats":{"Passed":16}},"ActiveTests":[]},"RunAttachments":[],"ExecutorUris":["executor://mstestadapter/v2"]}}
TpTrace Verbose: 0 : 72680, 7, 2024/11/05, 13:47:31.599, 16265814472705, vstest.console.dll, TestRequestSender.EndSession: Sending end session.
TpTrace Verbose: 0 : 72680, 7, 2024/11/05, 13:47:31.599, 16265814474148, vstest.console.dll, ProxyOperationManager.Close: waiting for test host to exit for 100 ms
TpTrace Verbose: 0 : 72680, 11, 2024/11/05, 13:47:31.621, 16265814696877, vstest.console.dll, TestHostManagerCallbacks.ctor: Experimental forwarding output is disabled.
TpTrace Warning: 0 : 72680, 11, 2024/11/05, 13:47:31.621, 16265814698064, vstest.console.dll, TestHostManagerCallbacks.ErrorReceivedCallback Test host standard error line: 
TpTrace Verbose: 0 : 72680, 11, 2024/11/05, 13:47:31.628, 16265814759858, vstest.console.dll, TestHostProvider.ExitCallBack: Host exited starting callback.
TpTrace Information: 0 : 72680, 11, 2024/11/05, 13:47:31.628, 16265814761342, vstest.console.dll, TestHostManagerCallbacks.ExitCallBack: Testhost processId: 20308 exited with exitcode: 0 error: ''
TpTrace Verbose: 0 : 72680, 11, 2024/11/05, 13:47:31.628, 16265814761601, vstest.console.dll, DotnetTestHostManager.OnHostExited: invoking OnHostExited callback
TpTrace Verbose: 0 : 72680, 11, 2024/11/05, 13:47:31.628, 16265814762002, vstest.console.dll, CrossPlatEngine.TestHostManagerHostExited: calling on client process exit callback.
TpTrace Information: 0 : 72680, 11, 2024/11/05, 13:47:31.628, 16265814762358, vstest.console.dll, TestRequestSender.OnClientProcessExit: Test host process exited. Standard error: 
TpTrace Information: 0 : 72680, 11, 2024/11/05, 13:47:31.628, 16265814762635, vstest.console.dll, SocketServer.Stop: Stop server endPoint: 127.0.0.1:50803
TpTrace Information: 0 : 72680, 11, 2024/11/05, 13:47:31.628, 16265814762787, vstest.console.dll, SocketServer.Stop: Cancellation requested. Stopping message loop.
TpTrace Information: 0 : 72680, 7, 2024/11/05, 13:47:31.628, 16265814762773, vstest.console.dll, SocketServer.Stop: Stop server endPoint: 127.0.0.1:50803
TpTrace Verbose: 0 : 72680, 11, 2024/11/05, 13:47:31.628, 16265814763706, vstest.console.dll, MulticastDelegateUtilities.SafeInvoke: HostProviderEvents.OnHostExited: Invoking callback 1/1 for Microsoft.VisualStudio.TestPlatform.CrossPlatEngine.Client.ProxyOperationManager., took 0 ms.
TpTrace Information: 0 : 72680, 7, 2024/11/05, 13:47:31.628, 16265814766210, vstest.console.dll, SocketServer.Stop: Cancellation requested. Stopping message loop.
TpTrace Information: 0 : 72680, 7, 2024/11/05, 13:47:31.628, 16265814767218, vstest.console.dll, Closing the connection
TpTrace Verbose: 0 : 72680, 7, 2024/11/05, 13:47:31.629, 16265814768902, vstest.console.dll, ProxyDataCollectionManager.InvokeDataCollectionServiceAction: Starting.
TpTrace Information: 0 : 72680, 7, 2024/11/05, 13:47:31.629, 16265814769160, vstest.console.dll, ProxyDataCollectionManager.AfterTestRunEnd: Get attachment set and invoked data collectors processId: 76840 port: 50800
TpTrace Verbose: 0 : 72680, 7, 2024/11/05, 13:47:31.629, 16265814769412, vstest.console.dll, DataCollectionRequestSender.SendAfterTestRunStartAndGetResult: Send AfterTestRunEnd message with isCancelled: False
TpTrace Verbose: 0 : 72680, 7, 2024/11/05, 13:47:31.632, 16265814807097, vstest.console.dll, DataCollectionRequestSender.SendAfterTestRunStartAndGetResult: Received message: (DataCollection.AfterTestRunEndResult) -> {"MessageType":"DataCollection.AfterTestRunEndResult","Payload":{"AttachmentSets":[],"InvokedDataCollectors":[{"Uri":"datacollector://Microsoft/TestPlatform/Extensions/Blame/v1","FriendlyName":"Blame","AssemblyQualifiedName":"Microsoft.TestPlatform.Extensions.BlameDataCollector.BlameCollector, Microsoft.TestPlatform.Extensions.BlameDataCollector, Version=15.0.0.0, Culture=neutral, PublicKeyToken=b03f5f7f11d50a3a","FilePath":"C:\\Program Files\\dotnet\\sdk\\8.0.206\\Extensions\\Microsoft.TestPlatform.Extensions.BlameDataCollector.dll","HasAttachmentProcessor":false}],"Metrics":{}}}
TpTrace Information: 0 : 72680, 7, 2024/11/05, 13:47:31.635, 16265814836476, vstest.console.dll, ProxyDataCollectionManager.InvokeDataCollectionServiceAction: Completed.
TpTrace Warning: 0 : 72680, 10, 2024/11/05, 13:47:31.636, 16265814845844, vstest.console.dll, DataCollectionLauncher.ErrorReceivedCallback datacollector standard error line: 
TpTrace Information: 0 : 72680, 10, 2024/11/05, 13:47:31.642, 16265814905528, vstest.console.dll, DataCollectionLauncher.ExitCallBack: Data collector exited with exitcode: 0 error: ''
TpTrace Verbose: 0 : 72680, 7, 2024/11/05, 13:47:31.659, 16265815072186, vstest.console.dll, TestRunRequest:SendTestRunStatsChange: Starting.
TpTrace Verbose: 0 : 72680, 7, 2024/11/05, 13:47:31.659, 16265815073534, vstest.console.dll, MulticastDelegateUtilities.SafeInvoke: TestRun.RunStatsChanged: Invoking callbacks was skipped because there are no subscribers.
TpTrace Information: 0 : 72680, 7, 2024/11/05, 13:47:31.659, 16265815073812, vstest.console.dll, TestRunRequest:SendTestRunStatsChange: Completed.
TpTrace Verbose: 0 : 72680, 4, 2024/11/05, 13:47:31.659, 16265815074154, vstest.console.dll, MulticastDelegateUtilities.SafeInvoke: InternalTestLoggerEvents.SendTestResult: Invoking callback 1/1 for Microsoft.VisualStudio.TestPlatform.CommandLine.Internal.ConsoleLogger., took 0 ms.
TpTrace Verbose: 0 : 72680, 4, 2024/11/05, 13:47:31.659, 16265815075093, vstest.console.dll, MulticastDelegateUtilities.SafeInvoke: InternalTestLoggerEvents.SendTestResult: Invoking callback 1/1 for Microsoft.VisualStudio.TestPlatform.CommandLine.Internal.ConsoleLogger., took 0 ms.
TpTrace Verbose: 0 : 72680, 4, 2024/11/05, 13:47:31.659, 16265815075429, vstest.console.dll, MulticastDelegateUtilities.SafeInvoke: InternalTestLoggerEvents.SendTestResult: Invoking callback 1/1 for Microsoft.VisualStudio.TestPlatform.CommandLine.Internal.ConsoleLogger., took 0 ms.
TpTrace Verbose: 0 : 72680, 4, 2024/11/05, 13:47:31.659, 16265815075689, vstest.console.dll, MulticastDelegateUtilities.SafeInvoke: InternalTestLoggerEvents.SendTestResult: Invoking callback 1/1 for Microsoft.VisualStudio.TestPlatform.CommandLine.Internal.ConsoleLogger., took 0 ms.
TpTrace Verbose: 0 : 72680, 7, 2024/11/05, 13:47:31.659, 16265815075692, vstest.console.dll, ParallelProxyExecutionManager: HandlePartialRunComplete: Total workloads = 1, Total started clients = 1 Total completed clients = 1, Run complete = True, Run canceled: False.
TpTrace Verbose: 0 : 72680, 4, 2024/11/05, 13:47:31.659, 16265815075924, vstest.console.dll, MulticastDelegateUtilities.SafeInvoke: InternalTestLoggerEvents.SendTestResult: Invoking callback 1/1 for Microsoft.VisualStudio.TestPlatform.CommandLine.Internal.ConsoleLogger., took 0 ms.
TpTrace Verbose: 0 : 72680, 7, 2024/11/05, 13:47:31.659, 16265815076366, vstest.console.dll, ParallelProxyExecutionManager: HandlePartialRunComplete: All runs completed stopping all managers.
TpTrace Verbose: 0 : 72680, 7, 2024/11/05, 13:47:31.659, 16265815077060, vstest.console.dll, ParallelOperationManager.StopAllManagers: Stopping all managers.
TpTrace Verbose: 0 : 72680, 4, 2024/11/05, 13:47:31.659, 16265815076427, vstest.console.dll, MulticastDelegateUtilities.SafeInvoke: InternalTestLoggerEvents.SendTestResult: Invoking callback 1/1 for Microsoft.VisualStudio.TestPlatform.CommandLine.Internal.ConsoleLogger., took 0 ms.
TpTrace Verbose: 0 : 72680, 4, 2024/11/05, 13:47:31.659, 16265815078124, vstest.console.dll, MulticastDelegateUtilities.SafeInvoke: InternalTestLoggerEvents.SendTestResult: Invoking callback 1/1 for Microsoft.VisualStudio.TestPlatform.CommandLine.Internal.ConsoleLogger., took 0 ms.
TpTrace Verbose: 0 : 72680, 7, 2024/11/05, 13:47:31.659, 16265815077302, vstest.console.dll, ParallelOperationManager.ClearSlots: Clearing all slots. Slots should accept more work: False
TpTrace Verbose: 0 : 72680, 7, 2024/11/05, 13:47:31.660, 16265815078967, vstest.console.dll, ParallelOperationManager.SetOccupiedSlotCount: Setting slot counts AvailableSlotCount = 1, OccupiedSlotCount = 0.
TpTrace Verbose: 0 : 72680, 7, 2024/11/05, 13:47:31.660, 16265815079259, vstest.console.dll, Occupied slots:

TpTrace Verbose: 0 : 72680, 4, 2024/11/05, 13:47:31.665, 16265815130511, vstest.console.dll, MulticastDelegateUtilities.SafeInvoke: InternalTestLoggerEvents.SendTestRunComplete: Invoking callback 1/2 for Microsoft.TestPlatform.Extensions.BlameDataCollector.BlameLogger., took 0 ms.
TpTrace Verbose: 0 : 72680, 4, 2024/11/05, 13:47:31.668, 16265815163202, vstest.console.dll, MulticastDelegateUtilities.SafeInvoke: InternalTestLoggerEvents.SendTestRunComplete: Invoking callback 2/2 for Microsoft.VisualStudio.TestPlatform.CommandLine.Internal.ConsoleLogger., took 3 ms.
TpTrace Verbose: 0 : 72680, 7, 2024/11/05, 13:47:31.668, 16265815166398, vstest.console.dll, TestRunRequest:TestRunComplete: Starting. IsAborted:False IsCanceled:False.
TpTrace Verbose: 0 : 72680, 7, 2024/11/05, 13:47:31.668, 16265815167647, vstest.console.dll, ParallelOperationManager.DoActionOnAllManagers: Calling an action on all managers.
TpTrace Verbose: 0 : 72680, 7, 2024/11/05, 13:47:31.669, 16265815175114, vstest.console.dll, TestLoggerManager.HandleTestRunComplete: Ignoring as the object is disposed.
TpTrace Verbose: 0 : 72680, 7, 2024/11/05, 13:47:31.669, 16265815176566, vstest.console.dll, MulticastDelegateUtilities.SafeInvoke: TestRun.TestRunComplete: Invoking callback 1/2 for Microsoft.VisualStudio.TestPlatform.CommandLine.TestRunResultAggregator., took 0 ms.
TpTrace Verbose: 0 : 72680, 7, 2024/11/05, 13:47:31.669, 16265815177250, vstest.console.dll, MulticastDelegateUtilities.SafeInvoke: TestRun.TestRunComplete: Invoking callback 2/2 for Microsoft.VisualStudio.TestPlatform.CommandLine.Processors.RunTestsArgumentExecutor+TestRunRequestEventsRegistrar., took 0 ms.
TpTrace Information: 0 : 72680, 7, 2024/11/05, 13:47:31.669, 16265815177879, vstest.console.dll, TestRunRequest:TestRunComplete: Completed.
TpTrace Verbose: 0 : 72680, 7, 2024/11/05, 13:47:31.669, 16265815178147, vstest.console.dll, TestRequestSender.SetOperationComplete: Setting operation complete.
TpTrace Information: 0 : 72680, 7, 2024/11/05, 13:47:31.670, 16265815178344, vstest.console.dll, SocketServer.Stop: Stop server endPoint: 127.0.0.1:50803
TpTrace Verbose: 0 : 72680, 1, 2024/11/05, 13:47:31.670, 16265815178301, vstest.console.dll, TestRunRequest.Dispose: Starting.
TpTrace Information: 0 : 72680, 7, 2024/11/05, 13:47:31.670, 16265815178538, vstest.console.dll, SocketServer.Stop: Cancellation requested. Stopping message loop.
TpTrace Information: 0 : 72680, 1, 2024/11/05, 13:47:31.670, 16265815178994, vstest.console.dll, TestRunRequest.Dispose: Completed.
TpTrace Information: 0 : 72680, 1, 2024/11/05, 13:47:31.670, 16265815179351, vstest.console.dll, TestRequestManager.RunTests: run tests completed.
TpTrace Verbose: 0 : 72680, 7, 2024/11/05, 13:47:31.670, 16265815179378, vstest.console.dll, MulticastDelegateUtilities.SafeInvoke: LengthPrefixCommunicationChannel: MessageReceived: Invoking callback 1/1 for Microsoft.VisualStudio.TestPlatform.CommunicationUtilities.TestRequestSender+<>c__DisplayClass34_0., took 76 ms.
TpTrace Information: 0 : 72680, 1, 2024/11/05, 13:47:31.670, 16265815179866, vstest.console.dll, RunTestsArgumentProcessor:Execute: Test run is completed.
TpTrace Information: 0 : 72680, 7, 2024/11/05, 13:47:31.670, 16265815179894, vstest.console.dll, SocketServer.PrivateStop: Stopping server endPoint: 127.0.0.1:50803 error: 
TpTrace Verbose: 0 : 72680, 1, 2024/11/05, 13:47:31.670, 16265815181310, vstest.console.dll, Executor.Execute: Exiting with exit code of 0
TpTrace Verbose: 0 : 72680, 7, 2024/11/05, 13:47:31.670, 16265815183254, vstest.console.dll, LengthPrefixCommunicationChannel.Dispose: Dispose reader and writer.
TpTrace Information: 0 : 72680, 7, 2024/11/05, 13:47:31.670, 16265815183842, vstest.console.dll, SocketServer.Stop: Raise disconnected event endPoint: 127.0.0.1:50803 error: 
TpTrace Verbose: 0 : 72680, 7, 2024/11/05, 13:47:31.670, 16265815184332, vstest.console.dll, TestRequestSender: OnTestRunAbort: Operation is already complete. Skip error message.
TpTrace Verbose: 0 : 72680, 7, 2024/11/05, 13:47:31.670, 16265815184525, vstest.console.dll, MulticastDelegateUtilities.SafeInvoke: SocketServer: ClientDisconnected: Invoking callback 1/1 for Microsoft.VisualStudio.TestPlatform.CommunicationUtilities.TestRequestSender., took 0 ms.
TpTrace Verbose: 0 : 72680, 7, 2024/11/05, 13:47:31.670, 16265815184683, vstest.console.dll, TcpClientExtensions.MessageLoopAsync: exiting MessageLoopAsync remoteEndPoint: 127.0.0.1:50804 localEndPoint: 127.0.0.1:50803
